0 info it worked if it ends with ok
1 verbose cli [ 'F:\\ProgramFiles\\nodejs\\node.exe',
1 verbose cli   'F:\\ProgramFiles\\nodejs\\node_modules\\npm\\bin\\npm-cli.js',
1 verbose cli   'install',
1 verbose cli   'hiredis',
1 verbose cli   'redis',
1 verbose cli   '--save' ]
2 info using npm@2.15.5
3 info using node@v4.4.6
4 verbose install initial load of F:\Practice\Caratlane-Project\package.json
5 warn package.json caratlane-assignment@1.0.0 No repository field.
6 warn package.json caratlane-assignment@1.0.0 No README data
7 verbose installManyTop reading scoped package data from F:\Practice\Caratlane-Project\node_modules\angular\package.json
8 verbose installManyTop reading scoped package data from F:\Practice\Caratlane-Project\node_modules\angular-mocks\package.json
9 verbose installManyTop reading scoped package data from F:\Practice\Caratlane-Project\node_modules\angular-ui-router\package.json
10 verbose installManyTop reading scoped package data from F:\Practice\Caratlane-Project\node_modules\body-parser\package.json
11 verbose installManyTop reading scoped package data from F:\Practice\Caratlane-Project\node_modules\express\package.json
12 verbose installManyTop reading scoped package data from F:\Practice\Caratlane-Project\node_modules\jasmine-core\package.json
13 verbose installManyTop reading scoped package data from F:\Practice\Caratlane-Project\node_modules\karma\package.json
14 verbose installManyTop reading scoped package data from F:\Practice\Caratlane-Project\node_modules\karma-chrome-launcher\package.json
15 verbose installManyTop reading scoped package data from F:\Practice\Caratlane-Project\node_modules\karma-jasmine\package.json
16 verbose installManyTop reading scoped package data from F:\Practice\Caratlane-Project\node_modules\mocha\package.json
17 verbose installManyTop reading scoped package data from F:\Practice\Caratlane-Project\node_modules\supertest\package.json
18 verbose readDependencies loading dependencies from F:\Practice\Caratlane-Project\package.json
19 silly cache add args [ 'hiredis', null ]
20 verbose cache add spec hiredis
21 silly cache add args [ 'redis', null ]
22 verbose cache add spec redis
23 silly cache add parsed spec Result {
23 silly cache add   raw: 'hiredis',
23 silly cache add   scope: null,
23 silly cache add   name: 'hiredis',
23 silly cache add   rawSpec: '',
23 silly cache add   spec: 'latest',
23 silly cache add   type: 'tag' }
24 silly addNamed hiredis@latest
25 verbose addNamed "latest" is being treated as a dist-tag for hiredis
26 info addNameTag [ 'hiredis', 'latest' ]
27 silly mapToRegistry name hiredis
28 silly mapToRegistry using default registry
29 silly mapToRegistry registry https://registry.npmjs.org/
30 silly mapToRegistry data Result {
30 silly mapToRegistry   raw: 'hiredis',
30 silly mapToRegistry   scope: null,
30 silly mapToRegistry   name: 'hiredis',
30 silly mapToRegistry   rawSpec: '',
30 silly mapToRegistry   spec: 'latest',
30 silly mapToRegistry   type: 'tag' }
31 silly mapToRegistry uri https://registry.npmjs.org/hiredis
32 verbose addNameTag registry:https://registry.npmjs.org/hiredis not in flight; fetching
33 silly cache add parsed spec Result {
33 silly cache add   raw: 'redis',
33 silly cache add   scope: null,
33 silly cache add   name: 'redis',
33 silly cache add   rawSpec: '',
33 silly cache add   spec: 'latest',
33 silly cache add   type: 'tag' }
34 silly addNamed redis@latest
35 verbose addNamed "latest" is being treated as a dist-tag for redis
36 info addNameTag [ 'redis', 'latest' ]
37 silly mapToRegistry name redis
38 silly mapToRegistry using default registry
39 silly mapToRegistry registry https://registry.npmjs.org/
40 silly mapToRegistry data Result {
40 silly mapToRegistry   raw: 'redis',
40 silly mapToRegistry   scope: null,
40 silly mapToRegistry   name: 'redis',
40 silly mapToRegistry   rawSpec: '',
40 silly mapToRegistry   spec: 'latest',
40 silly mapToRegistry   type: 'tag' }
41 silly mapToRegistry uri https://registry.npmjs.org/redis
42 verbose addNameTag registry:https://registry.npmjs.org/redis not in flight; fetching
43 verbose request uri https://registry.npmjs.org/hiredis
44 verbose request no auth needed
45 info attempt registry request try #1 at 8:40:21 AM
46 verbose request id c45c29cc2e2fa0ce
47 http request GET https://registry.npmjs.org/hiredis
48 verbose request uri https://registry.npmjs.org/redis
49 verbose request no auth needed
50 info attempt registry request try #1 at 8:40:21 AM
51 verbose etag W/"58668b38-251a5"
52 verbose lastModified Fri, 30 Dec 2016 16:28:40 GMT
53 http request GET https://registry.npmjs.org/redis
54 http 200 https://registry.npmjs.org/hiredis
55 verbose headers { server: 'nginx/1.10.1',
55 verbose headers   'content-type': 'application/json',
55 verbose headers   'last-modified': 'Tue, 01 Nov 2016 17:28:45 GMT',
55 verbose headers   etag: 'W/"5818d0cd-56e1"',
55 verbose headers   'content-encoding': 'gzip',
55 verbose headers   'cache-control': 'max-age=300',
55 verbose headers   'content-length': '4083',
55 verbose headers   'accept-ranges': 'bytes',
55 verbose headers   date: 'Tue, 17 Jan 2017 03:10:22 GMT',
55 verbose headers   via: '1.1 varnish',
55 verbose headers   age: '0',
55 verbose headers   connection: 'keep-alive',
55 verbose headers   'x-served-by': 'cache-cdg8725-CDG',
55 verbose headers   'x-cache': 'MISS',
55 verbose headers   'x-cache-hits': '0',
55 verbose headers   'x-timer': 'S1484622622.267224,VS0,VE45',
55 verbose headers   vary: 'Accept-Encoding' }
56 silly get cb [ 200,
56 silly get   { server: 'nginx/1.10.1',
56 silly get     'content-type': 'application/json',
56 silly get     'last-modified': 'Tue, 01 Nov 2016 17:28:45 GMT',
56 silly get     etag: 'W/"5818d0cd-56e1"',
56 silly get     'content-encoding': 'gzip',
56 silly get     'cache-control': 'max-age=300',
56 silly get     'content-length': '4083',
56 silly get     'accept-ranges': 'bytes',
56 silly get     date: 'Tue, 17 Jan 2017 03:10:22 GMT',
56 silly get     via: '1.1 varnish',
56 silly get     age: '0',
56 silly get     connection: 'keep-alive',
56 silly get     'x-served-by': 'cache-cdg8725-CDG',
56 silly get     'x-cache': 'MISS',
56 silly get     'x-cache-hits': '0',
56 silly get     'x-timer': 'S1484622622.267224,VS0,VE45',
56 silly get     vary: 'Accept-Encoding' } ]
57 verbose get saving hiredis to C:\Users\Ramkumar\AppData\Roaming\npm-cache\registry.npmjs.org\hiredis\.cache.json
58 verbose correctMkdir C:\Users\Ramkumar\AppData\Roaming\npm-cache correctMkdir not in flight; initializing
59 silly addNameTag next cb for hiredis with tag latest
60 silly addNamed hiredis@0.5.0
61 verbose addNamed "0.5.0" is a plain semver version for hiredis
62 silly mapToRegistry name hiredis
63 silly mapToRegistry using default registry
64 silly mapToRegistry registry https://registry.npmjs.org/
65 silly mapToRegistry data Result {
65 silly mapToRegistry   raw: 'hiredis',
65 silly mapToRegistry   scope: null,
65 silly mapToRegistry   name: 'hiredis',
65 silly mapToRegistry   rawSpec: '',
65 silly mapToRegistry   spec: 'latest',
65 silly mapToRegistry   type: 'tag' }
66 silly mapToRegistry uri https://registry.npmjs.org/hiredis
67 verbose addRemoteTarball https://registry.npmjs.org/hiredis/-/hiredis-0.5.0.tgz not in flight; adding
68 verbose addRemoteTarball [ 'https://registry.npmjs.org/hiredis/-/hiredis-0.5.0.tgz',
68 verbose addRemoteTarball   'db03a98becd7003d13c260043aceecfacdf59b87' ]
69 info retry fetch attempt 1 at 8:40:22 AM
70 info attempt registry request try #1 at 8:40:22 AM
71 http fetch GET https://registry.npmjs.org/hiredis/-/hiredis-0.5.0.tgz
72 http fetch 200 https://registry.npmjs.org/hiredis/-/hiredis-0.5.0.tgz
73 http 200 https://registry.npmjs.org/redis
74 verbose headers { server: 'nginx/1.10.1',
74 verbose headers   'content-type': 'application/json',
74 verbose headers   'last-modified': 'Mon, 16 Jan 2017 16:35:01 GMT',
74 verbose headers   etag: 'W/"587cf635-261b1"',
74 verbose headers   'content-encoding': 'gzip',
74 verbose headers   'cache-control': 'max-age=300',
74 verbose headers   'content-length': '25419',
74 verbose headers   'accept-ranges': 'bytes',
74 verbose headers   date: 'Tue, 17 Jan 2017 03:10:22 GMT',
74 verbose headers   via: '1.1 varnish',
74 verbose headers   age: '0',
74 verbose headers   connection: 'keep-alive',
74 verbose headers   'x-served-by': 'cache-cdg8731-CDG',
74 verbose headers   'x-cache': 'HIT',
74 verbose headers   'x-cache-hits': '1',
74 verbose headers   'x-timer': 'S1484622622.262215,VS0,VE51',
74 verbose headers   vary: 'Accept-Encoding' }
75 silly get cb [ 200,
75 silly get   { server: 'nginx/1.10.1',
75 silly get     'content-type': 'application/json',
75 silly get     'last-modified': 'Mon, 16 Jan 2017 16:35:01 GMT',
75 silly get     etag: 'W/"587cf635-261b1"',
75 silly get     'content-encoding': 'gzip',
75 silly get     'cache-control': 'max-age=300',
75 silly get     'content-length': '25419',
75 silly get     'accept-ranges': 'bytes',
75 silly get     date: 'Tue, 17 Jan 2017 03:10:22 GMT',
75 silly get     via: '1.1 varnish',
75 silly get     age: '0',
75 silly get     connection: 'keep-alive',
75 silly get     'x-served-by': 'cache-cdg8731-CDG',
75 silly get     'x-cache': 'HIT',
75 silly get     'x-cache-hits': '1',
75 silly get     'x-timer': 'S1484622622.262215,VS0,VE51',
75 silly get     vary: 'Accept-Encoding' } ]
76 verbose get saving redis to C:\Users\Ramkumar\AppData\Roaming\npm-cache\registry.npmjs.org\redis\.cache.json
77 verbose correctMkdir C:\Users\Ramkumar\AppData\Roaming\npm-cache correctMkdir not in flight; initializing
78 silly addNameTag next cb for redis with tag latest
79 silly addNamed redis@2.6.5
80 verbose addNamed "2.6.5" is a plain semver version for redis
81 silly mapToRegistry name redis
82 silly mapToRegistry using default registry
83 silly mapToRegistry registry https://registry.npmjs.org/
84 silly mapToRegistry data Result {
84 silly mapToRegistry   raw: 'redis',
84 silly mapToRegistry   scope: null,
84 silly mapToRegistry   name: 'redis',
84 silly mapToRegistry   rawSpec: '',
84 silly mapToRegistry   spec: 'latest',
84 silly mapToRegistry   type: 'tag' }
85 silly mapToRegistry uri https://registry.npmjs.org/redis
86 verbose addRemoteTarball https://registry.npmjs.org/redis/-/redis-2.6.5.tgz not in flight; adding
87 verbose addRemoteTarball [ 'https://registry.npmjs.org/redis/-/redis-2.6.5.tgz',
87 verbose addRemoteTarball   '87c1eff4a489f94b70871f3d08b6988f23a95687' ]
88 info retry fetch attempt 1 at 8:40:22 AM
89 info attempt registry request try #1 at 8:40:22 AM
90 http fetch GET https://registry.npmjs.org/redis/-/redis-2.6.5.tgz
91 http fetch 200 https://registry.npmjs.org/redis/-/redis-2.6.5.tgz
92 silly fetchAndShaCheck shasum db03a98becd7003d13c260043aceecfacdf59b87
93 verbose addTmpTarball C:\Users\Ramkumar\AppData\Local\Temp\npm-14316-ebea296c\registry.npmjs.org\hiredis\-\hiredis-0.5.0.tgz not in flight; adding
94 verbose addTmpTarball already have metadata; skipping unpack for hiredis@0.5.0
95 verbose correctMkdir C:\Users\Ramkumar\AppData\Roaming\npm-cache correctMkdir not in flight; initializing
96 silly cache afterAdd hiredis@0.5.0
97 verbose afterAdd C:\Users\Ramkumar\AppData\Roaming\npm-cache\hiredis\0.5.0\package\package.json not in flight; writing
98 verbose correctMkdir C:\Users\Ramkumar\AppData\Roaming\npm-cache correctMkdir not in flight; initializing
99 verbose afterAdd C:\Users\Ramkumar\AppData\Roaming\npm-cache\hiredis\0.5.0\package\package.json written
100 silly fetchAndShaCheck shasum 87c1eff4a489f94b70871f3d08b6988f23a95687
101 verbose addTmpTarball C:\Users\Ramkumar\AppData\Local\Temp\npm-14316-ebea296c\registry.npmjs.org\redis\-\redis-2.6.5.tgz not in flight; adding
102 verbose addTmpTarball already have metadata; skipping unpack for redis@2.6.5
103 verbose correctMkdir C:\Users\Ramkumar\AppData\Roaming\npm-cache correctMkdir not in flight; initializing
104 silly cache afterAdd redis@2.6.5
105 verbose afterAdd C:\Users\Ramkumar\AppData\Roaming\npm-cache\redis\2.6.5\package\package.json not in flight; writing
106 verbose correctMkdir C:\Users\Ramkumar\AppData\Roaming\npm-cache correctMkdir not in flight; initializing
107 verbose afterAdd C:\Users\Ramkumar\AppData\Roaming\npm-cache\redis\2.6.5\package\package.json written
108 silly install resolved [ { name: 'hiredis',
108 silly install resolved     description: 'Wrapper for reply processing code in hiredis',
108 silly install resolved     version: '0.5.0',
108 silly install resolved     homepage: 'http://github.com/redis/hiredis-node',
108 silly install resolved     author: { name: 'Jan-Erik Rediger', email: 'janerik@fnordig.de' },
108 silly install resolved     contributors: [ [Object] ],
108 silly install resolved     main: 'hiredis',
108 silly install resolved     scripts:
108 silly install resolved      { test: 'node test/reader.js && node test/writer.js',
108 silly install resolved        install: 'node-gyp rebuild' },
108 silly install resolved     dependencies: { bindings: '^1.2.1', nan: '^2.3.4' },
108 silly install resolved     engines: { node: '>= 0.10.0' },
108 silly install resolved     repository:
108 silly install resolved      { type: 'git',
108 silly install resolved        url: 'git+https://github.com/redis/hiredis-node.git' },
108 silly install resolved     bugs: { url: 'https://github.com/redis/hiredis-node/issues' },
108 silly install resolved     license: 'BSD-3-Clause',
108 silly install resolved     gypfile: true,
108 silly install resolved     gitHead: 'b8f3af63704176a323afed2a0e9bb4811d201bc1',
108 silly install resolved     _id: 'hiredis@0.5.0',
108 silly install resolved     _shasum: 'db03a98becd7003d13c260043aceecfacdf59b87',
108 silly install resolved     _from: 'hiredis@latest',
108 silly install resolved     _npmVersion: '3.9.5',
108 silly install resolved     _nodeVersion: '6.2.1',
108 silly install resolved     _npmUser: { name: 'badboy_', email: 'janerik@fnordig.de' },
108 silly install resolved     maintainers: [ [Object], [Object] ],
108 silly install resolved     dist:
108 silly install resolved      { shasum: 'db03a98becd7003d13c260043aceecfacdf59b87',
108 silly install resolved        tarball: 'https://registry.npmjs.org/hiredis/-/hiredis-0.5.0.tgz' },
108 silly install resolved     _npmOperationalInternal:
108 silly install resolved      { host: 'packages-12-west.internal.npmjs.com',
108 silly install resolved        tmp: 'tmp/hiredis-0.5.0.tgz_1465640985712_0.8231057613156736' },
108 silly install resolved     directories: {},
108 silly install resolved     _resolved: 'https://registry.npmjs.org/hiredis/-/hiredis-0.5.0.tgz' },
108 silly install resolved   { name: 'redis',
108 silly install resolved     version: '2.6.5',
108 silly install resolved     description: 'Redis client library',
108 silly install resolved     keywords:
108 silly install resolved      [ 'database',
108 silly install resolved        'redis',
108 silly install resolved        'transaction',
108 silly install resolved        'pipelining',
108 silly install resolved        'performance',
108 silly install resolved        'queue',
108 silly install resolved        'nodejs',
108 silly install resolved        'pubsub',
108 silly install resolved        'backpressure' ],
108 silly install resolved     author: { name: 'Matt Ranney', email: 'mjr@ranney.com' },
108 silly install resolved     license: 'MIT',
108 silly install resolved     main: './index.js',
108 silly install resolved     scripts:
108 silly install resolved      { coveralls: 'nyc report --reporter=text-lcov | coveralls',
108 silly install resolved        coverage: 'nyc report --reporter=html',
108 silly install resolved        benchmark: 'node benchmarks/multi_bench.js',
108 silly install resolved        test: 'nyc --cache mocha ./test/*.js ./test/commands/*.js --timeout=8000',
108 silly install resolved        lint: 'eslint . --fix && npm run coverage',
108 silly install resolved        compare: 'node benchmarks/diff_multi_bench_output.js beforeBench.txt afterBench.txt' },
108 silly install resolved     dependencies:
108 silly install resolved      { 'double-ended-queue': '^2.1.0-0',
108 silly install resolved        'redis-commands': '^1.2.0',
108 silly install resolved        'redis-parser': '^2.0.0' },
108 silly install resolved     engines: { node: '>=0.10.0' },
108 silly install resolved     devDependencies:
108 silly install resolved      { bluebird: '^3.0.2',
108 silly install resolved        coveralls: '^2.11.2',
108 silly install resolved        'intercept-stdout': '~0.1.2',
108 silly install resolved        eslint: '^3.5.0',
108 silly install resolved        metrics: '^0.1.9',
108 silly install resolved        mocha: '^2.3.2',
108 silly install resolved        nyc: '^8.3.0',
108 silly install resolved        'tcp-port-used': '^0.1.2',
108 silly install resolved        uuid: '^2.0.1',
108 silly install resolved        'win-spawn': '^2.0.0' },
108 silly install resolved     repository:
108 silly install resolved      { type: 'git',
108 silly install resolved        url: 'git://github.com/NodeRedis/node_redis.git' },
108 silly install resolved     bugs: { url: 'https://github.com/NodeRedis/node_redis/issues' },
108 silly install resolved     homepage: 'https://github.com/NodeRedis/node_redis',
108 silly install resolved     directories: { example: 'examples', test: 'test' },
108 silly install resolved     gitHead: '1f730a803ae2e6482b21ca7cd1382d380831be08',
108 silly install resolved     _id: 'redis@2.6.5',
108 silly install resolved     _shasum: '87c1eff4a489f94b70871f3d08b6988f23a95687',
108 silly install resolved     _from: 'redis@latest',
108 silly install resolved     _npmVersion: '4.0.5',
108 silly install resolved     _nodeVersion: '7.4.0',
108 silly install resolved     _npmUser: { name: 'bridgear', email: 'ruben@bridgewater.de' },
108 silly install resolved     dist:
108 silly install resolved      { shasum: '87c1eff4a489f94b70871f3d08b6988f23a95687',
108 silly install resolved        tarball: 'https://registry.npmjs.org/redis/-/redis-2.6.5.tgz' },
108 silly install resolved     maintainers: [ [Object], [Object], [Object], [Object] ],
108 silly install resolved     _npmOperationalInternal:
108 silly install resolved      { host: 'packages-18-east.internal.npmjs.com',
108 silly install resolved        tmp: 'tmp/redis-2.6.5.tgz_1484494296455_0.23376198578625917' },
108 silly install resolved     _resolved: 'https://registry.npmjs.org/redis/-/redis-2.6.5.tgz' } ]
109 info install hiredis@0.5.0 into F:\Practice\Caratlane-Project
110 info install redis@2.6.5 into F:\Practice\Caratlane-Project
111 info installOne hiredis@0.5.0
112 verbose installOne of hiredis to F:\Practice\Caratlane-Project not in flight; installing
113 verbose correctMkdir C:\Users\Ramkumar\AppData\Roaming\npm-cache\_locks correctMkdir not in flight; initializing
114 info installOne redis@2.6.5
115 verbose installOne of redis to F:\Practice\Caratlane-Project not in flight; installing
116 verbose correctMkdir C:\Users\Ramkumar\AppData\Roaming\npm-cache\_locks correctMkdir already in flight; waiting
117 verbose lock using C:\Users\Ramkumar\AppData\Roaming\npm-cache\_locks\hiredis-6c81c67e7c642768.lock for F:\Practice\Caratlane-Project\node_modules\hiredis
118 verbose lock using C:\Users\Ramkumar\AppData\Roaming\npm-cache\_locks\redis-13df43fd3cd39b69.lock for F:\Practice\Caratlane-Project\node_modules\redis
119 silly install write writing hiredis 0.5.0 to F:\Practice\Caratlane-Project\node_modules\hiredis
120 silly install write writing redis 2.6.5 to F:\Practice\Caratlane-Project\node_modules\redis
121 verbose unbuild node_modules\hiredis
122 verbose unbuild node_modules\redis
123 silly gentlyRm F:\Practice\Caratlane-Project\node_modules\hiredis is being purged from base F:\Practice\Caratlane-Project
124 verbose gentlyRm don't care about contents; nuking F:\Practice\Caratlane-Project\node_modules\hiredis
125 verbose tar unpack C:\Users\Ramkumar\AppData\Roaming\npm-cache\hiredis\0.5.0\package.tgz
126 verbose tar unpacking to F:\Practice\Caratlane-Project\node_modules\hiredis
127 silly gentlyRm F:\Practice\Caratlane-Project\node_modules\hiredis is being purged
128 verbose gentlyRm don't care about contents; nuking F:\Practice\Caratlane-Project\node_modules\hiredis
129 silly gentlyRm F:\Practice\Caratlane-Project\node_modules\redis is being purged from base F:\Practice\Caratlane-Project
130 verbose gentlyRm don't care about contents; nuking F:\Practice\Caratlane-Project\node_modules\redis
131 silly gunzTarPerm modes [ '777', '666' ]
132 verbose tar unpack C:\Users\Ramkumar\AppData\Roaming\npm-cache\redis\2.6.5\package.tgz
133 verbose tar unpacking to F:\Practice\Caratlane-Project\node_modules\redis
134 silly gentlyRm F:\Practice\Caratlane-Project\node_modules\redis is being purged
135 verbose gentlyRm don't care about contents; nuking F:\Practice\Caratlane-Project\node_modules\redis
136 silly gunzTarPerm modes [ '777', '666' ]
137 silly gunzTarPerm extractEntry package.json
138 silly gunzTarPerm modified mode [ 'package.json', 420, 438 ]
139 silly gunzTarPerm extractEntry package.json
140 silly gunzTarPerm modified mode [ 'package.json', 420, 438 ]
141 silly gunzTarPerm extractEntry .npmignore
142 silly gunzTarPerm modified mode [ '.npmignore', 420, 438 ]
143 silly gunzTarPerm extractEntry README.md
144 silly gunzTarPerm modified mode [ 'README.md', 420, 438 ]
145 silly gunzTarPerm extractEntry .npmignore
146 silly gunzTarPerm modified mode [ '.npmignore', 436, 438 ]
147 silly gunzTarPerm extractEntry README.md
148 silly gunzTarPerm modified mode [ 'README.md', 420, 438 ]
149 silly gunzTarPerm extractEntry bench.js
150 silly gunzTarPerm modified mode [ 'bench.js', 420, 438 ]
151 silly gunzTarPerm extractEntry hiredis.js
152 silly gunzTarPerm modified mode [ 'hiredis.js', 420, 438 ]
153 silly gunzTarPerm extractEntry LICENSE
154 silly gunzTarPerm modified mode [ 'LICENSE', 436, 438 ]
155 silly gunzTarPerm extractEntry COPYING
156 silly gunzTarPerm modified mode [ 'COPYING', 420, 438 ]
157 silly gunzTarPerm extractEntry Makefile
158 silly gunzTarPerm modified mode [ 'Makefile', 420, 438 ]
159 silly gunzTarPerm extractEntry index.js
160 silly gunzTarPerm modified mode [ 'index.js', 420, 438 ]
161 silly gunzTarPerm extractEntry .github/ISSUE_TEMPLATE.md
162 silly gunzTarPerm modified mode [ '.github/ISSUE_TEMPLATE.md', 436, 438 ]
163 silly gunzTarPerm extractEntry .github/PULL_REQUEST_TEMPLATE.md
164 silly gunzTarPerm modified mode [ '.github/PULL_REQUEST_TEMPLATE.md', 436, 438 ]
165 silly gunzTarPerm extractEntry .eslintrc
166 silly gunzTarPerm modified mode [ '.eslintrc', 420, 438 ]
167 silly gunzTarPerm extractEntry changelog.md
168 silly gunzTarPerm modified mode [ 'changelog.md', 420, 438 ]
169 silly gunzTarPerm extractEntry appveyor.yml
170 silly gunzTarPerm modified mode [ 'appveyor.yml', 420, 438 ]
171 silly gunzTarPerm extractEntry .gitmodules
172 silly gunzTarPerm modified mode [ '.gitmodules', 420, 438 ]
173 silly gunzTarPerm extractEntry .eslintignore
174 silly gunzTarPerm modified mode [ '.eslintignore', 436, 438 ]
175 silly gunzTarPerm extractEntry lib/command.js
176 silly gunzTarPerm modified mode [ 'lib/command.js', 420, 438 ]
177 silly gunzTarPerm extractEntry binding.gyp
178 silly gunzTarPerm modified mode [ 'binding.gyp', 420, 438 ]
179 silly gunzTarPerm extractEntry lib/commands.js
180 silly gunzTarPerm modified mode [ 'lib/commands.js', 420, 438 ]
181 silly gunzTarPerm extractEntry lib/createClient.js
182 silly gunzTarPerm modified mode [ 'lib/createClient.js', 420, 438 ]
183 silly gunzTarPerm extractEntry lib/customErrors.js
184 silly gunzTarPerm modified mode [ 'lib/customErrors.js', 436, 438 ]
185 silly gunzTarPerm extractEntry lib/debug.js
186 silly gunzTarPerm modified mode [ 'lib/debug.js', 420, 438 ]
187 silly gunzTarPerm extractEntry deps/hiredis/.npmignore
188 silly gunzTarPerm modified mode [ 'deps/hiredis/.npmignore', 420, 438 ]
189 silly gunzTarPerm extractEntry deps/hiredis/README.md
190 silly gunzTarPerm modified mode [ 'deps/hiredis/README.md', 420, 438 ]
191 silly gunzTarPerm extractEntry lib/extendedApi.js
192 silly gunzTarPerm modified mode [ 'lib/extendedApi.js', 420, 438 ]
193 silly gunzTarPerm extractEntry lib/individualCommands.js
194 silly gunzTarPerm modified mode [ 'lib/individualCommands.js', 420, 438 ]
195 silly gunzTarPerm extractEntry lib/multi.js
196 silly gunzTarPerm modified mode [ 'lib/multi.js', 420, 438 ]
197 silly gunzTarPerm extractEntry deps/hiredis/CHANGELOG.md
198 silly gunzTarPerm modified mode [ 'deps/hiredis/CHANGELOG.md', 420, 438 ]
199 silly gunzTarPerm extractEntry deps/hiredis/COPYING
200 silly gunzTarPerm modified mode [ 'deps/hiredis/COPYING', 420, 438 ]
201 silly gunzTarPerm extractEntry deps/hiredis/Makefile
202 silly gunzTarPerm modified mode [ 'deps/hiredis/Makefile', 420, 438 ]
203 silly gunzTarPerm extractEntry deps/hiredis/win32.h
204 silly gunzTarPerm modified mode [ 'deps/hiredis/win32.h', 420, 438 ]
205 silly gunzTarPerm extractEntry lib/utils.js
206 silly gunzTarPerm modified mode [ 'lib/utils.js', 420, 438 ]
207 silly gunzTarPerm extractEntry deps/hiredis/adapters/ae.h
208 silly gunzTarPerm modified mode [ 'deps/hiredis/adapters/ae.h', 420, 438 ]
209 silly gunzTarPerm extractEntry deps/hiredis/adapters/glib.h
210 silly gunzTarPerm modified mode [ 'deps/hiredis/adapters/glib.h', 420, 438 ]
211 silly gunzTarPerm extractEntry deps/hiredis/adapters/libev.h
212 silly gunzTarPerm modified mode [ 'deps/hiredis/adapters/libev.h', 420, 438 ]
213 silly gunzTarPerm extractEntry deps/hiredis/adapters/libevent.h
214 silly gunzTarPerm modified mode [ 'deps/hiredis/adapters/libevent.h', 420, 438 ]
215 silly gunzTarPerm extractEntry deps/hiredis/adapters/libuv.h
216 silly gunzTarPerm modified mode [ 'deps/hiredis/adapters/libuv.h', 420, 438 ]
217 silly gunzTarPerm extractEntry deps/hiredis/async.c
218 silly gunzTarPerm modified mode [ 'deps/hiredis/async.c', 420, 438 ]
219 silly gunzTarPerm extractEntry deps/hiredis/async.h
220 silly gunzTarPerm modified mode [ 'deps/hiredis/async.h', 420, 438 ]
221 silly gunzTarPerm extractEntry deps/hiredis/dict.c
222 silly gunzTarPerm modified mode [ 'deps/hiredis/dict.c', 420, 438 ]
223 silly gunzTarPerm extractEntry deps/hiredis/dict.h
224 silly gunzTarPerm modified mode [ 'deps/hiredis/dict.h', 420, 438 ]
225 silly gunzTarPerm extractEntry deps/hiredis/.travis.yml
226 silly gunzTarPerm modified mode [ 'deps/hiredis/.travis.yml', 420, 438 ]
227 silly gunzTarPerm extractEntry deps/hiredis/fmacros.h
228 silly gunzTarPerm modified mode [ 'deps/hiredis/fmacros.h', 420, 438 ]
229 silly gunzTarPerm extractEntry deps/hiredis/hiredis.c
230 silly gunzTarPerm modified mode [ 'deps/hiredis/hiredis.c', 420, 438 ]
231 silly gunzTarPerm extractEntry deps/hiredis/hiredis.h
232 silly gunzTarPerm modified mode [ 'deps/hiredis/hiredis.h', 420, 438 ]
233 silly gunzTarPerm extractEntry deps/hiredis/net.c
234 silly gunzTarPerm modified mode [ 'deps/hiredis/net.c', 420, 438 ]
235 silly gunzTarPerm extractEntry deps/hiredis/net.h
236 silly gunzTarPerm modified mode [ 'deps/hiredis/net.h', 420, 438 ]
237 silly gunzTarPerm extractEntry deps/hiredis/read.c
238 silly gunzTarPerm modified mode [ 'deps/hiredis/read.c', 420, 438 ]
239 silly gunzTarPerm extractEntry deps/hiredis/read.h
240 silly gunzTarPerm modified mode [ 'deps/hiredis/read.h', 420, 438 ]
241 silly gunzTarPerm extractEntry deps/hiredis/sds.c
242 silly gunzTarPerm modified mode [ 'deps/hiredis/sds.c', 420, 438 ]
243 silly gunzTarPerm extractEntry deps/hiredis/sds.h
244 silly gunzTarPerm modified mode [ 'deps/hiredis/sds.h', 420, 438 ]
245 silly gunzTarPerm extractEntry deps/hiredis/test.c
246 silly gunzTarPerm modified mode [ 'deps/hiredis/test.c', 420, 438 ]
247 silly gunzTarPerm extractEntry deps/hiredis/examples/example-ae.c
248 silly gunzTarPerm modified mode [ 'deps/hiredis/examples/example-ae.c', 420, 438 ]
249 silly gunzTarPerm extractEntry deps/hiredis/examples/example-glib.c
250 silly gunzTarPerm modified mode [ 'deps/hiredis/examples/example-glib.c', 420, 438 ]
251 silly gunzTarPerm extractEntry deps/hiredis/examples/example-libev.c
252 silly gunzTarPerm modified mode [ 'deps/hiredis/examples/example-libev.c', 420, 438 ]
253 silly gunzTarPerm extractEntry deps/hiredis/examples/example-libevent.c
254 silly gunzTarPerm modified mode [ 'deps/hiredis/examples/example-libevent.c', 420, 438 ]
255 silly gunzTarPerm extractEntry deps/hiredis/examples/example-libuv.c
256 silly gunzTarPerm modified mode [ 'deps/hiredis/examples/example-libuv.c', 420, 438 ]
257 silly gunzTarPerm extractEntry deps/hiredis/examples/example.c
258 silly gunzTarPerm modified mode [ 'deps/hiredis/examples/example.c', 420, 438 ]
259 silly gunzTarPerm extractEntry deps/hiredis.gyp
260 silly gunzTarPerm modified mode [ 'deps/hiredis.gyp', 420, 438 ]
261 silly gunzTarPerm extractEntry .travis.yml
262 silly gunzTarPerm modified mode [ '.travis.yml', 420, 438 ]
263 silly gunzTarPerm extractEntry src/hiredis.cc
264 silly gunzTarPerm modified mode [ 'src/hiredis.cc', 420, 438 ]
265 silly gunzTarPerm extractEntry src/reader.cc
266 silly gunzTarPerm modified mode [ 'src/reader.cc', 420, 438 ]
267 silly gunzTarPerm extractEntry src/reader.h
268 silly gunzTarPerm modified mode [ 'src/reader.h', 420, 438 ]
269 silly gunzTarPerm extractEntry CHANGELOG.md
270 silly gunzTarPerm modified mode [ 'CHANGELOG.md', 420, 438 ]
271 silly gunzTarPerm extractEntry test/reader.js
272 silly gunzTarPerm modified mode [ 'test/reader.js', 420, 438 ]
273 verbose write writing to F:\Practice\Caratlane-Project\node_modules\redis\package.json
274 info preinstall redis@2.6.5
275 silly gunzTarPerm extractEntry test/testlib.js
276 silly gunzTarPerm modified mode [ 'test/testlib.js', 420, 438 ]
277 silly gunzTarPerm extractEntry test/writer.js
278 silly gunzTarPerm modified mode [ 'test/writer.js', 420, 438 ]
279 verbose readDependencies loading dependencies from F:\Practice\Caratlane-Project\node_modules\redis\package.json
280 silly prepareForInstallMany adding double-ended-queue@^2.1.0-0 from redis dependencies
281 silly prepareForInstallMany adding redis-commands@^1.2.0 from redis dependencies
282 silly prepareForInstallMany adding redis-parser@^2.0.0 from redis dependencies
283 verbose readDependencies loading dependencies from F:\Practice\Caratlane-Project\node_modules\redis\package.json
284 silly cache add args [ 'redis-commands@^1.2.0', null ]
285 verbose cache add spec redis-commands@^1.2.0
286 silly cache add parsed spec Result {
286 silly cache add   raw: 'redis-commands@^1.2.0',
286 silly cache add   scope: null,
286 silly cache add   name: 'redis-commands',
286 silly cache add   rawSpec: '^1.2.0',
286 silly cache add   spec: '>=1.2.0 <2.0.0',
286 silly cache add   type: 'range' }
287 silly addNamed redis-commands@>=1.2.0 <2.0.0
288 verbose addNamed ">=1.2.0 <2.0.0" is a valid semver range for redis-commands
289 silly addNameRange { name: 'redis-commands',
289 silly addNameRange   range: '>=1.2.0 <2.0.0',
289 silly addNameRange   hasData: false }
290 silly mapToRegistry name redis-commands
291 silly mapToRegistry using default registry
292 silly mapToRegistry registry https://registry.npmjs.org/
293 silly mapToRegistry data Result {
293 silly mapToRegistry   raw: 'redis-commands',
293 silly mapToRegistry   scope: null,
293 silly mapToRegistry   name: 'redis-commands',
293 silly mapToRegistry   rawSpec: '',
293 silly mapToRegistry   spec: 'latest',
293 silly mapToRegistry   type: 'tag' }
294 silly mapToRegistry uri https://registry.npmjs.org/redis-commands
295 verbose addNameRange registry:https://registry.npmjs.org/redis-commands not in flight; fetching
296 silly cache add args [ 'redis-parser@^2.0.0', null ]
297 verbose cache add spec redis-parser@^2.0.0
298 silly cache add parsed spec Result {
298 silly cache add   raw: 'redis-parser@^2.0.0',
298 silly cache add   scope: null,
298 silly cache add   name: 'redis-parser',
298 silly cache add   rawSpec: '^2.0.0',
298 silly cache add   spec: '>=2.0.0 <3.0.0',
298 silly cache add   type: 'range' }
299 silly addNamed redis-parser@>=2.0.0 <3.0.0
300 verbose addNamed ">=2.0.0 <3.0.0" is a valid semver range for redis-parser
301 silly addNameRange { name: 'redis-parser', range: '>=2.0.0 <3.0.0', hasData: false }
302 silly mapToRegistry name redis-parser
303 silly mapToRegistry using default registry
304 silly mapToRegistry registry https://registry.npmjs.org/
305 silly mapToRegistry data Result {
305 silly mapToRegistry   raw: 'redis-parser',
305 silly mapToRegistry   scope: null,
305 silly mapToRegistry   name: 'redis-parser',
305 silly mapToRegistry   rawSpec: '',
305 silly mapToRegistry   spec: 'latest',
305 silly mapToRegistry   type: 'tag' }
306 silly mapToRegistry uri https://registry.npmjs.org/redis-parser
307 verbose addNameRange registry:https://registry.npmjs.org/redis-parser not in flight; fetching
308 silly cache add args [ 'double-ended-queue@^2.1.0-0', null ]
309 verbose cache add spec double-ended-queue@^2.1.0-0
310 silly cache add parsed spec Result {
310 silly cache add   raw: 'double-ended-queue@^2.1.0-0',
310 silly cache add   scope: null,
310 silly cache add   name: 'double-ended-queue',
310 silly cache add   rawSpec: '^2.1.0-0',
310 silly cache add   spec: '>=2.1.0-0 <3.0.0',
310 silly cache add   type: 'range' }
311 silly addNamed double-ended-queue@>=2.1.0-0 <3.0.0
312 verbose addNamed ">=2.1.0-0 <3.0.0" is a valid semver range for double-ended-queue
313 silly addNameRange { name: 'double-ended-queue',
313 silly addNameRange   range: '>=2.1.0-0 <3.0.0',
313 silly addNameRange   hasData: false }
314 silly mapToRegistry name double-ended-queue
315 silly mapToRegistry using default registry
316 silly mapToRegistry registry https://registry.npmjs.org/
317 silly mapToRegistry data Result {
317 silly mapToRegistry   raw: 'double-ended-queue',
317 silly mapToRegistry   scope: null,
317 silly mapToRegistry   name: 'double-ended-queue',
317 silly mapToRegistry   rawSpec: '',
317 silly mapToRegistry   spec: 'latest',
317 silly mapToRegistry   type: 'tag' }
318 silly mapToRegistry uri https://registry.npmjs.org/double-ended-queue
319 verbose addNameRange registry:https://registry.npmjs.org/double-ended-queue not in flight; fetching
320 verbose request uri https://registry.npmjs.org/double-ended-queue
321 verbose request no auth needed
322 info attempt registry request try #1 at 8:40:23 AM
323 verbose etag W/"5846d2ee-350e"
324 verbose lastModified Tue, 06 Dec 2016 15:02:06 GMT
325 http request GET https://registry.npmjs.org/double-ended-queue
326 verbose request uri https://registry.npmjs.org/redis-parser
327 verbose request no auth needed
328 info attempt registry request try #1 at 8:40:23 AM
329 verbose etag W/"58388aed-779f"
330 verbose lastModified Fri, 25 Nov 2016 19:03:09 GMT
331 http request GET https://registry.npmjs.org/redis-parser
332 verbose write writing to F:\Practice\Caratlane-Project\node_modules\hiredis\package.json
333 info preinstall hiredis@0.5.0
334 verbose readDependencies loading dependencies from F:\Practice\Caratlane-Project\node_modules\hiredis\package.json
335 silly prepareForInstallMany adding bindings@^1.2.1 from hiredis dependencies
336 silly prepareForInstallMany adding nan@^2.3.4 from hiredis dependencies
337 verbose readDependencies loading dependencies from F:\Practice\Caratlane-Project\node_modules\hiredis\package.json
338 silly cache add args [ 'bindings@^1.2.1', null ]
339 verbose cache add spec bindings@^1.2.1
340 silly cache add args [ 'nan@^2.3.4', null ]
341 verbose cache add spec nan@^2.3.4
342 silly cache add parsed spec Result {
342 silly cache add   raw: 'bindings@^1.2.1',
342 silly cache add   scope: null,
342 silly cache add   name: 'bindings',
342 silly cache add   rawSpec: '^1.2.1',
342 silly cache add   spec: '>=1.2.1 <2.0.0',
342 silly cache add   type: 'range' }
343 silly addNamed bindings@>=1.2.1 <2.0.0
344 verbose addNamed ">=1.2.1 <2.0.0" is a valid semver range for bindings
345 silly addNameRange { name: 'bindings', range: '>=1.2.1 <2.0.0', hasData: false }
346 silly mapToRegistry name bindings
347 silly mapToRegistry using default registry
348 silly mapToRegistry registry https://registry.npmjs.org/
349 silly mapToRegistry data Result {
349 silly mapToRegistry   raw: 'bindings',
349 silly mapToRegistry   scope: null,
349 silly mapToRegistry   name: 'bindings',
349 silly mapToRegistry   rawSpec: '',
349 silly mapToRegistry   spec: 'latest',
349 silly mapToRegistry   type: 'tag' }
350 silly mapToRegistry uri https://registry.npmjs.org/bindings
351 verbose addNameRange registry:https://registry.npmjs.org/bindings not in flight; fetching
352 silly cache add parsed spec Result {
352 silly cache add   raw: 'nan@^2.3.4',
352 silly cache add   scope: null,
352 silly cache add   name: 'nan',
352 silly cache add   rawSpec: '^2.3.4',
352 silly cache add   spec: '>=2.3.4 <3.0.0',
352 silly cache add   type: 'range' }
353 silly addNamed nan@>=2.3.4 <3.0.0
354 verbose addNamed ">=2.3.4 <3.0.0" is a valid semver range for nan
355 silly addNameRange { name: 'nan', range: '>=2.3.4 <3.0.0', hasData: false }
356 silly mapToRegistry name nan
357 silly mapToRegistry using default registry
358 silly mapToRegistry registry https://registry.npmjs.org/
359 silly mapToRegistry data Result {
359 silly mapToRegistry   raw: 'nan',
359 silly mapToRegistry   scope: null,
359 silly mapToRegistry   name: 'nan',
359 silly mapToRegistry   rawSpec: '',
359 silly mapToRegistry   spec: 'latest',
359 silly mapToRegistry   type: 'tag' }
360 silly mapToRegistry uri https://registry.npmjs.org/nan
361 verbose addNameRange registry:https://registry.npmjs.org/nan not in flight; fetching
362 verbose request uri https://registry.npmjs.org/bindings
363 verbose request no auth needed
364 info attempt registry request try #1 at 8:40:23 AM
365 http request GET https://registry.npmjs.org/bindings
366 verbose request uri https://registry.npmjs.org/nan
367 verbose request no auth needed
368 info attempt registry request try #1 at 8:40:23 AM
369 verbose etag "1OOZJAUMBQC59OINHZGMRRCSL"
370 http request GET https://registry.npmjs.org/nan
371 verbose request uri https://registry.npmjs.org/redis-commands
372 verbose request no auth needed
373 info attempt registry request try #1 at 8:40:23 AM
374 verbose etag W/"5818d9f0-3293"
375 verbose lastModified Tue, 01 Nov 2016 18:07:44 GMT
376 http request GET https://registry.npmjs.org/redis-commands
377 http 304 https://registry.npmjs.org/double-ended-queue
378 verbose headers { date: 'Tue, 17 Jan 2017 03:10:23 GMT',
378 verbose headers   via: '1.1 varnish',
378 verbose headers   'cache-control': 'max-age=300',
378 verbose headers   etag: 'W/"5846d2ee-350e"',
378 verbose headers   age: '0',
378 verbose headers   connection: 'keep-alive',
378 verbose headers   'x-served-by': 'cache-cdg8725-CDG',
378 verbose headers   'x-cache': 'HIT',
378 verbose headers   'x-cache-hits': '1',
378 verbose headers   'x-timer': 'S1484622623.384210,VS0,VE37',
378 verbose headers   vary: 'Accept-Encoding' }
379 silly get cb [ 304,
379 silly get   { date: 'Tue, 17 Jan 2017 03:10:23 GMT',
379 silly get     via: '1.1 varnish',
379 silly get     'cache-control': 'max-age=300',
379 silly get     etag: 'W/"5846d2ee-350e"',
379 silly get     age: '0',
379 silly get     connection: 'keep-alive',
379 silly get     'x-served-by': 'cache-cdg8725-CDG',
379 silly get     'x-cache': 'HIT',
379 silly get     'x-cache-hits': '1',
379 silly get     'x-timer': 'S1484622623.384210,VS0,VE37',
379 silly get     vary: 'Accept-Encoding' } ]
380 verbose etag https://registry.npmjs.org/double-ended-queue from cache
381 verbose get saving double-ended-queue to C:\Users\Ramkumar\AppData\Roaming\npm-cache\registry.npmjs.org\double-ended-queue\.cache.json
382 verbose correctMkdir C:\Users\Ramkumar\AppData\Roaming\npm-cache correctMkdir not in flight; initializing
383 http 304 https://registry.npmjs.org/redis-parser
384 verbose headers { date: 'Tue, 17 Jan 2017 03:10:23 GMT',
384 verbose headers   via: '1.1 varnish',
384 verbose headers   'cache-control': 'max-age=300',
384 verbose headers   etag: 'W/"58388aed-779f"',
384 verbose headers   age: '0',
384 verbose headers   connection: 'keep-alive',
384 verbose headers   'x-served-by': 'cache-cdg8731-CDG',
384 verbose headers   'x-cache': 'HIT',
384 verbose headers   'x-cache-hits': '1',
384 verbose headers   'x-timer': 'S1484622623.392173,VS0,VE31',
384 verbose headers   vary: 'Accept-Encoding' }
385 silly get cb [ 304,
385 silly get   { date: 'Tue, 17 Jan 2017 03:10:23 GMT',
385 silly get     via: '1.1 varnish',
385 silly get     'cache-control': 'max-age=300',
385 silly get     etag: 'W/"58388aed-779f"',
385 silly get     age: '0',
385 silly get     connection: 'keep-alive',
385 silly get     'x-served-by': 'cache-cdg8731-CDG',
385 silly get     'x-cache': 'HIT',
385 silly get     'x-cache-hits': '1',
385 silly get     'x-timer': 'S1484622623.392173,VS0,VE31',
385 silly get     vary: 'Accept-Encoding' } ]
386 verbose etag https://registry.npmjs.org/redis-parser from cache
387 verbose get saving redis-parser to C:\Users\Ramkumar\AppData\Roaming\npm-cache\registry.npmjs.org\redis-parser\.cache.json
388 verbose correctMkdir C:\Users\Ramkumar\AppData\Roaming\npm-cache correctMkdir not in flight; initializing
389 silly addNameRange number 2 { name: 'redis-parser', range: '>=2.0.0 <3.0.0', hasData: true }
390 silly addNameRange versions [ 'redis-parser',
390 silly addNameRange   [ '0.0.1',
390 silly addNameRange     '1.0.0',
390 silly addNameRange     '1.1.0',
390 silly addNameRange     '1.2.0',
390 silly addNameRange     '1.3.0',
390 silly addNameRange     '2.0.0',
390 silly addNameRange     '2.0.1',
390 silly addNameRange     '2.0.2',
390 silly addNameRange     '2.0.3',
390 silly addNameRange     '2.0.4',
390 silly addNameRange     '2.1.0',
390 silly addNameRange     '2.1.1',
390 silly addNameRange     '2.2.0',
390 silly addNameRange     '2.3.0' ] ]
391 silly addNamed redis-parser@2.3.0
392 verbose addNamed "2.3.0" is a plain semver version for redis-parser
393 silly addNameRange number 2 { name: 'double-ended-queue',
393 silly addNameRange   range: '>=2.1.0-0 <3.0.0',
393 silly addNameRange   hasData: true }
394 silly addNameRange versions [ 'double-ended-queue', [ '0.9.7', '2.0.0-0', '2.1.0-0' ] ]
395 silly addNamed double-ended-queue@2.1.0-0
396 verbose addNamed "2.1.0-0" is a plain semver version for double-ended-queue
397 silly cache afterAdd double-ended-queue@2.1.0-0
398 verbose afterAdd C:\Users\Ramkumar\AppData\Roaming\npm-cache\double-ended-queue\2.1.0-0\package\package.json not in flight; writing
399 verbose correctMkdir C:\Users\Ramkumar\AppData\Roaming\npm-cache correctMkdir not in flight; initializing
400 verbose afterAdd C:\Users\Ramkumar\AppData\Roaming\npm-cache\double-ended-queue\2.1.0-0\package\package.json written
401 silly cache afterAdd redis-parser@2.3.0
402 verbose afterAdd C:\Users\Ramkumar\AppData\Roaming\npm-cache\redis-parser\2.3.0\package\package.json not in flight; writing
403 verbose correctMkdir C:\Users\Ramkumar\AppData\Roaming\npm-cache correctMkdir not in flight; initializing
404 verbose afterAdd C:\Users\Ramkumar\AppData\Roaming\npm-cache\redis-parser\2.3.0\package\package.json written
405 http 200 https://registry.npmjs.org/bindings
406 verbose headers { server: 'nginx/1.10.1',
406 verbose headers   'content-type': 'application/json',
406 verbose headers   'last-modified': 'Tue, 18 Oct 2016 15:54:59 GMT',
406 verbose headers   etag: 'W/"580645d3-46f7"',
406 verbose headers   'content-encoding': 'gzip',
406 verbose headers   'cache-control': 'max-age=300',
406 verbose headers   'content-length': '3493',
406 verbose headers   'accept-ranges': 'bytes',
406 verbose headers   date: 'Tue, 17 Jan 2017 03:10:23 GMT',
406 verbose headers   via: '1.1 varnish',
406 verbose headers   age: '232',
406 verbose headers   connection: 'keep-alive',
406 verbose headers   'x-served-by': 'cache-cdg8733-CDG',
406 verbose headers   'x-cache': 'HIT',
406 verbose headers   'x-cache-hits': '1',
406 verbose headers   'x-timer': 'S1484622623.699621,VS0,VE0',
406 verbose headers   vary: 'Accept-Encoding' }
407 silly get cb [ 200,
407 silly get   { server: 'nginx/1.10.1',
407 silly get     'content-type': 'application/json',
407 silly get     'last-modified': 'Tue, 18 Oct 2016 15:54:59 GMT',
407 silly get     etag: 'W/"580645d3-46f7"',
407 silly get     'content-encoding': 'gzip',
407 silly get     'cache-control': 'max-age=300',
407 silly get     'content-length': '3493',
407 silly get     'accept-ranges': 'bytes',
407 silly get     date: 'Tue, 17 Jan 2017 03:10:23 GMT',
407 silly get     via: '1.1 varnish',
407 silly get     age: '232',
407 silly get     connection: 'keep-alive',
407 silly get     'x-served-by': 'cache-cdg8733-CDG',
407 silly get     'x-cache': 'HIT',
407 silly get     'x-cache-hits': '1',
407 silly get     'x-timer': 'S1484622623.699621,VS0,VE0',
407 silly get     vary: 'Accept-Encoding' } ]
408 verbose get saving bindings to C:\Users\Ramkumar\AppData\Roaming\npm-cache\registry.npmjs.org\bindings\.cache.json
409 verbose correctMkdir C:\Users\Ramkumar\AppData\Roaming\npm-cache correctMkdir not in flight; initializing
410 silly addNameRange number 2 { name: 'bindings', range: '>=1.2.1 <2.0.0', hasData: true }
411 silly addNameRange versions [ 'bindings',
411 silly addNameRange   [ '0.0.1',
411 silly addNameRange     '0.1.0',
411 silly addNameRange     '0.1.1',
411 silly addNameRange     '0.2.0',
411 silly addNameRange     '0.2.1',
411 silly addNameRange     '0.2.2',
411 silly addNameRange     '0.2.3',
411 silly addNameRange     '0.2.4',
411 silly addNameRange     '0.3.0',
411 silly addNameRange     '0.4.0',
411 silly addNameRange     '1.0.0',
411 silly addNameRange     '1.1.0',
411 silly addNameRange     '1.1.1',
411 silly addNameRange     '1.2.0',
411 silly addNameRange     '1.2.1' ] ]
412 silly addNamed bindings@1.2.1
413 verbose addNamed "1.2.1" is a plain semver version for bindings
414 silly mapToRegistry name bindings
415 silly mapToRegistry using default registry
416 silly mapToRegistry registry https://registry.npmjs.org/
417 silly mapToRegistry data Result {
417 silly mapToRegistry   raw: 'bindings',
417 silly mapToRegistry   scope: null,
417 silly mapToRegistry   name: 'bindings',
417 silly mapToRegistry   rawSpec: '',
417 silly mapToRegistry   spec: 'latest',
417 silly mapToRegistry   type: 'tag' }
418 silly mapToRegistry uri https://registry.npmjs.org/bindings
419 verbose addRemoteTarball https://registry.npmjs.org/bindings/-/bindings-1.2.1.tgz not in flight; adding
420 verbose addRemoteTarball [ 'https://registry.npmjs.org/bindings/-/bindings-1.2.1.tgz',
420 verbose addRemoteTarball   '14ad6113812d2d37d72e67b4cacb4bb726505f11' ]
421 info retry fetch attempt 1 at 8:40:23 AM
422 info attempt registry request try #1 at 8:40:23 AM
423 http fetch GET https://registry.npmjs.org/bindings/-/bindings-1.2.1.tgz
424 http 304 https://registry.npmjs.org/redis-commands
425 verbose headers { date: 'Tue, 17 Jan 2017 03:10:23 GMT',
425 verbose headers   via: '1.1 varnish',
425 verbose headers   'cache-control': 'max-age=300',
425 verbose headers   etag: 'W/"5818d9f0-3293"',
425 verbose headers   age: '0',
425 verbose headers   connection: 'keep-alive',
425 verbose headers   'x-served-by': 'cache-cdg8731-CDG',
425 verbose headers   'x-cache': 'MISS',
425 verbose headers   'x-cache-hits': '0',
425 verbose headers   'x-timer': 'S1484622623.772153,VS0,VE83',
425 verbose headers   vary: 'Accept-Encoding' }
426 silly get cb [ 304,
426 silly get   { date: 'Tue, 17 Jan 2017 03:10:23 GMT',
426 silly get     via: '1.1 varnish',
426 silly get     'cache-control': 'max-age=300',
426 silly get     etag: 'W/"5818d9f0-3293"',
426 silly get     age: '0',
426 silly get     connection: 'keep-alive',
426 silly get     'x-served-by': 'cache-cdg8731-CDG',
426 silly get     'x-cache': 'MISS',
426 silly get     'x-cache-hits': '0',
426 silly get     'x-timer': 'S1484622623.772153,VS0,VE83',
426 silly get     vary: 'Accept-Encoding' } ]
427 verbose etag https://registry.npmjs.org/redis-commands from cache
428 verbose get saving redis-commands to C:\Users\Ramkumar\AppData\Roaming\npm-cache\registry.npmjs.org\redis-commands\.cache.json
429 verbose correctMkdir C:\Users\Ramkumar\AppData\Roaming\npm-cache correctMkdir not in flight; initializing
430 http fetch 200 https://registry.npmjs.org/bindings/-/bindings-1.2.1.tgz
431 silly fetchAndShaCheck shasum 14ad6113812d2d37d72e67b4cacb4bb726505f11
432 silly addNameRange number 2 { name: 'redis-commands',
432 silly addNameRange   range: '>=1.2.0 <2.0.0',
432 silly addNameRange   hasData: true }
433 silly addNameRange versions [ 'redis-commands',
433 silly addNameRange   [ '0.0.1',
433 silly addNameRange     '0.0.2',
433 silly addNameRange     '0.0.3',
433 silly addNameRange     '1.0.0',
433 silly addNameRange     '1.0.1',
433 silly addNameRange     '1.0.2',
433 silly addNameRange     '1.1.0',
433 silly addNameRange     '1.2.0',
433 silly addNameRange     '1.3.0' ] ]
434 silly addNamed redis-commands@1.3.0
435 verbose addNamed "1.3.0" is a plain semver version for redis-commands
436 verbose addTmpTarball C:\Users\Ramkumar\AppData\Local\Temp\npm-14316-ebea296c\registry.npmjs.org\bindings\-\bindings-1.2.1.tgz not in flight; adding
437 verbose addTmpTarball already have metadata; skipping unpack for bindings@1.2.1
438 verbose correctMkdir C:\Users\Ramkumar\AppData\Roaming\npm-cache correctMkdir not in flight; initializing
439 silly cache afterAdd bindings@1.2.1
440 verbose afterAdd C:\Users\Ramkumar\AppData\Roaming\npm-cache\bindings\1.2.1\package\package.json not in flight; writing
441 verbose correctMkdir C:\Users\Ramkumar\AppData\Roaming\npm-cache correctMkdir not in flight; initializing
442 verbose afterAdd C:\Users\Ramkumar\AppData\Roaming\npm-cache\bindings\1.2.1\package\package.json written
443 silly cache afterAdd redis-commands@1.3.0
444 verbose afterAdd C:\Users\Ramkumar\AppData\Roaming\npm-cache\redis-commands\1.3.0\package\package.json not in flight; writing
445 verbose correctMkdir C:\Users\Ramkumar\AppData\Roaming\npm-cache correctMkdir not in flight; initializing
446 verbose afterAdd C:\Users\Ramkumar\AppData\Roaming\npm-cache\redis-commands\1.3.0\package\package.json written
447 silly install resolved [ { name: 'double-ended-queue',
447 silly install resolved     description: 'Extremely fast double-ended queue implementation',
447 silly install resolved     version: '2.1.0-0',
447 silly install resolved     keywords:
447 silly install resolved      [ 'data-structure',
447 silly install resolved        'data-structures',
447 silly install resolved        'queue',
447 silly install resolved        'deque',
447 silly install resolved        'double-ended-queue' ],
447 silly install resolved     scripts: { test: 'grunt test' },
447 silly install resolved     homepage: 'https://github.com/petkaantonov/deque',
447 silly install resolved     repository: { type: 'git', url: 'git://github.com/petkaantonov/deque.git' },
447 silly install resolved     bugs: { url: 'http://github.com/petkaantonov/deque/issues' },
447 silly install resolved     license: 'MIT',
447 silly install resolved     author:
447 silly install resolved      { name: 'Petka Antonov',
447 silly install resolved        email: 'petka_antonov@hotmail.com',
447 silly install resolved        url: 'http://github.com/petkaantonov/' },
447 silly install resolved     devDependencies:
447 silly install resolved      { grunt: '~0.4.1',
447 silly install resolved        'grunt-contrib-jshint': '~0.6.4',
447 silly install resolved        'jshint-stylish': 'latest',
447 silly install resolved        acorn: '~0.3.1',
447 silly install resolved        mocha: '~1.12.1',
447 silly install resolved        'grunt-cli': '~0.1.9',
447 silly install resolved        bluebird: '~0.11',
447 silly install resolved        benchmark: '~1.0.0',
447 silly install resolved        deque: '0.0.4',
447 silly install resolved        q: '~0.9.7',
447 silly install resolved        'semver-utils': '~1.1.0' },
447 silly install resolved     main: './js/deque.js',
447 silly install resolved     gitHead: '51eada75cea686f1eb0c8bb5be486ac630e9b7ee',
447 silly install resolved     _id: 'double-ended-queue@2.1.0-0',
447 silly install resolved     _shasum: '103d3527fd31528f40188130c841efdd78264e5c',
447 silly install resolved     _from: 'double-ended-queue@>=2.1.0-0 <3.0.0',
447 silly install resolved     _npmVersion: '2.1.12',
447 silly install resolved     _nodeVersion: '0.10.34',
447 silly install resolved     _npmUser: { name: 'esailija', email: 'petka_antonov@hotmail.com' },
447 silly install resolved     maintainers: [ [Object] ],
447 silly install resolved     dist:
447 silly install resolved      { shasum: '103d3527fd31528f40188130c841efdd78264e5c',
447 silly install resolved        tarball: 'https://registry.npmjs.org/double-ended-queue/-/double-ended-queue-2.1.0-0.tgz' },
447 silly install resolved     directories: {},
447 silly install resolved     _resolved: 'https://registry.npmjs.org/double-ended-queue/-/double-ended-queue-2.1.0-0.tgz',
447 silly install resolved     readme: 'ERROR: No README data found!' },
447 silly install resolved   { name: 'redis-parser',
447 silly install resolved     version: '2.3.0',
447 silly install resolved     description: 'Javascript Redis protocol (RESP) parser',
447 silly install resolved     main: 'index.js',
447 silly install resolved     scripts:
447 silly install resolved      { test: 'npm run coverage',
447 silly install resolved        benchmark: 'node ./benchmark',
447 silly install resolved        posttest: 'standard && npm run coverage:check',
447 silly install resolved        coverage: 'node ./node_modules/istanbul/lib/cli.js cover --preserve-comments ./node_modules/mocha/bin/_mocha -- -R spec',
447 silly install resolved        'coverage:check': 'node ./node_modules/istanbul/lib/cli.js check-coverage --branch 100 --statement 100' },
447 silly install resolved     repository:
447 silly install resolved      { type: 'git',
447 silly install resolved        url: 'git+https://github.com/NodeRedis/node-redis-parser.git' },
447 silly install resolved     keywords:
447 silly install resolved      [ 'redis',
447 silly install resolved        'protocol',
447 silly install resolved        'parser',
447 silly install resolved        'database',
447 silly install resolved        'javascript',
447 silly install resolved        'node',
447 silly install resolved        'nodejs',
447 silly install resolved        'resp',
447 silly install resolved        'hiredis' ],
447 silly install resolved     engines: { node: '>=0.10.0' },
447 silly install resolved     devDependencies:
447 silly install resolved      { benchmark: '^2.1.0',
447 silly install resolved        'codeclimate-test-reporter': '^0.4.0',
447 silly install resolved        'intercept-stdout': '^0.1.2',
447 silly install resolved        istanbul: '^0.4.0',
447 silly install resolved        standard: '^8.5.0',
447 silly install resolved        mocha: '^3.1.2',
447 silly install resolved        hiredis: '^0.5.0' },
447 silly install resolved     author: { name: 'Ruben Bridgewater' },
447 silly install resolved     license: 'MIT',
447 silly install resolved     bugs: { url: 'https://github.com/NodeRedis/node-redis-parser/issues' },
447 silly install resolved     homepage: 'https://github.com/NodeRedis/node-redis-parser#readme',
447 silly install resolved     directories: { test: 'test', lib: 'lib' },
447 silly install resolved     gitHead: '26be8f841e43afd4d1453ae21b55df129f2aa271',
447 silly install resolved     _id: 'redis-parser@2.3.0',
447 silly install resolved     _shasum: '313a47965e49ee35ab3a86c93388b403d76237f6',
447 silly install resolved     _from: 'redis-parser@>=2.0.0 <3.0.0',
447 silly install resolved     _npmVersion: '3.10.9',
447 silly install resolved     _nodeVersion: '7.1.0',
447 silly install resolved     _npmUser: { name: 'bridgear', email: 'ruben@bridgewater.de' },
447 silly install resolved     dist:
447 silly install resolved      { shasum: '313a47965e49ee35ab3a86c93388b403d76237f6',
447 silly install resolved        tarball: 'https://registry.npmjs.org/redis-parser/-/redis-parser-2.3.0.tgz' },
447 silly install resolved     maintainers: [ [Object] ],
447 silly install resolved     _npmOperationalInternal:
447 silly install resolved      { host: 'packages-18-east.internal.npmjs.com',
447 silly install resolved        tmp: 'tmp/redis-parser-2.3.0.tgz_1480100588628_0.9477839153259993' },
447 silly install resolved     _resolved: 'https://registry.npmjs.org/redis-parser/-/redis-parser-2.3.0.tgz',
447 silly install resolved     readme: 'ERROR: No README data found!' },
447 silly install resolved   { name: 'redis-commands',
447 silly install resolved     version: '1.3.0',
447 silly install resolved     description: 'Redis commands',
447 silly install resolved     main: 'index.js',
447 silly install resolved     scripts:
447 silly install resolved      { pretest: 'npm run lint',
447 silly install resolved        test: 'mocha',
447 silly install resolved        posttest: 'npm run coverage && npm run coverage:check',
447 silly install resolved        coverage: 'node ./node_modules/istanbul/lib/cli.js cover --preserve-comments ./node_modules/mocha/bin/_mocha -- -R spec',
447 silly install resolved        'coverage:check': 'node ./node_modules/istanbul/lib/cli.js check-coverage --branch 100 --statement 100',
447 silly install resolved        build: 'node tools/build',
447 silly install resolved        lint: 'standard --fix --verbose | snazzy' },
447 silly install resolved     repository:
447 silly install resolved      { type: 'git',
447 silly install resolved        url: 'git+https://github.com/NodeRedis/redis-commands.git' },
447 silly install resolved     keywords: [ 'redis', 'commands', 'prefix' ],
447 silly install resolved     author: { name: 'luin', email: 'i@zihua.li', url: 'http://zihua.li' },
447 silly install resolved     license: 'MIT',
447 silly install resolved     bugs: { url: 'https://github.com/NodeRedis/redis-commonds/issues' },
447 silly install resolved     homepage: 'https://github.com/NodeRedis/redis-commonds',
447 silly install resolved     devDependencies:
447 silly install resolved      { chai: '^3.4.0',
447 silly install resolved        'codeclimate-test-reporter': '^0.3.1',
447 silly install resolved        ioredis: '^2.0.0',
447 silly install resolved        istanbul: '^0.4.3',
447 silly install resolved        'json-stable-stringify': '^1.0.0',
447 silly install resolved        mocha: '^3.0.0',
447 silly install resolved        snazzy: '^5.0.0',
447 silly install resolved        standard: '^8.0.0' },
447 silly install resolved     gitHead: 'a3ea72da0064b90f83b5d4728b60d0bb3021ed6a',
447 silly install resolved     _id: 'redis-commands@1.3.0',
447 silly install resolved     _shasum: '4307d8094aee1315829ab6729b37b99f62365d63',
447 silly install resolved     _from: 'redis-commands@>=1.2.0 <2.0.0',
447 silly install resolved     _npmVersion: '3.10.8',
447 silly install resolved     _nodeVersion: '6.8.0',
447 silly install resolved     _npmUser: { name: 'bridgear', email: 'ruben@bridgewater.de' },
447 silly install resolved     dist:
447 silly install resolved      { shasum: '4307d8094aee1315829ab6729b37b99f62365d63',
447 silly install resolved        tarball: 'https://registry.npmjs.org/redis-commands/-/redis-commands-1.3.0.tgz' },
447 silly install resolved     maintainers: [ [Object], [Object] ],
447 silly install resolved     _npmOperationalInternal:
447 silly install resolved      { host: 'packages-12-west.internal.npmjs.com',
447 silly install resolved        tmp: 'tmp/redis-commands-1.3.0.tgz_1476993178910_0.8879043820779771' },
447 silly install resolved     directories: {},
447 silly install resolved     _resolved: 'https://registry.npmjs.org/redis-commands/-/redis-commands-1.3.0.tgz',
447 silly install resolved     readme: 'ERROR: No README data found!' } ]
448 info install double-ended-queue@2.1.0-0 into F:\Practice\Caratlane-Project\node_modules\redis
449 info install redis-parser@2.3.0 into F:\Practice\Caratlane-Project\node_modules\redis
450 info install redis-commands@1.3.0 into F:\Practice\Caratlane-Project\node_modules\redis
451 info installOne double-ended-queue@2.1.0-0
452 verbose installOne of double-ended-queue to F:\Practice\Caratlane-Project\node_modules\redis not in flight; installing
453 verbose correctMkdir C:\Users\Ramkumar\AppData\Roaming\npm-cache\_locks correctMkdir not in flight; initializing
454 info installOne redis-parser@2.3.0
455 verbose installOne of redis-parser to F:\Practice\Caratlane-Project\node_modules\redis not in flight; installing
456 verbose correctMkdir C:\Users\Ramkumar\AppData\Roaming\npm-cache\_locks correctMkdir not in flight; initializing
457 info installOne redis-commands@1.3.0
458 verbose installOne of redis-commands to F:\Practice\Caratlane-Project\node_modules\redis not in flight; installing
459 verbose correctMkdir C:\Users\Ramkumar\AppData\Roaming\npm-cache\_locks correctMkdir not in flight; initializing
460 verbose lock using C:\Users\Ramkumar\AppData\Roaming\npm-cache\_locks\redis-parser-086d30d13bd4661d.lock for F:\Practice\Caratlane-Project\node_modules\redis\node_modules\redis-parser
461 verbose lock using C:\Users\Ramkumar\AppData\Roaming\npm-cache\_locks\double-ended-queue-d11d6bfbe3c88ca0.lock for F:\Practice\Caratlane-Project\node_modules\redis\node_modules\double-ended-queue
462 verbose lock using C:\Users\Ramkumar\AppData\Roaming\npm-cache\_locks\redis-commands-2aee30932d42a5eb.lock for F:\Practice\Caratlane-Project\node_modules\redis\node_modules\redis-commands
463 silly install write writing redis-parser 2.3.0 to F:\Practice\Caratlane-Project\node_modules\redis\node_modules\redis-parser
464 silly install write writing double-ended-queue 2.1.0-0 to F:\Practice\Caratlane-Project\node_modules\redis\node_modules\double-ended-queue
465 silly install write writing redis-commands 1.3.0 to F:\Practice\Caratlane-Project\node_modules\redis\node_modules\redis-commands
466 verbose unbuild node_modules\redis\node_modules\double-ended-queue
467 verbose unbuild node_modules\redis\node_modules\redis-parser
468 silly gentlyRm F:\Practice\Caratlane-Project\node_modules\redis\node_modules\double-ended-queue is being purged from base F:\Practice\Caratlane-Project
469 verbose gentlyRm don't care about contents; nuking F:\Practice\Caratlane-Project\node_modules\redis\node_modules\double-ended-queue
470 silly gentlyRm F:\Practice\Caratlane-Project\node_modules\redis\node_modules\redis-parser is being purged from base F:\Practice\Caratlane-Project
471 verbose gentlyRm don't care about contents; nuking F:\Practice\Caratlane-Project\node_modules\redis\node_modules\redis-parser
472 verbose tar unpack C:\Users\Ramkumar\AppData\Roaming\npm-cache\double-ended-queue\2.1.0-0\package.tgz
473 verbose tar unpacking to F:\Practice\Caratlane-Project\node_modules\redis\node_modules\double-ended-queue
474 silly gentlyRm F:\Practice\Caratlane-Project\node_modules\redis\node_modules\double-ended-queue is being purged
475 verbose gentlyRm don't care about contents; nuking F:\Practice\Caratlane-Project\node_modules\redis\node_modules\double-ended-queue
476 verbose unbuild node_modules\redis\node_modules\redis-commands
477 verbose tar unpack C:\Users\Ramkumar\AppData\Roaming\npm-cache\redis-parser\2.3.0\package.tgz
478 verbose tar unpacking to F:\Practice\Caratlane-Project\node_modules\redis\node_modules\redis-parser
479 silly gentlyRm F:\Practice\Caratlane-Project\node_modules\redis\node_modules\redis-parser is being purged
480 verbose gentlyRm don't care about contents; nuking F:\Practice\Caratlane-Project\node_modules\redis\node_modules\redis-parser
481 silly gunzTarPerm modes [ '777', '666' ]
482 silly gunzTarPerm modes [ '777', '666' ]
483 silly gentlyRm F:\Practice\Caratlane-Project\node_modules\redis\node_modules\redis-commands is being purged from base F:\Practice\Caratlane-Project
484 verbose gentlyRm don't care about contents; nuking F:\Practice\Caratlane-Project\node_modules\redis\node_modules\redis-commands
485 verbose tar unpack C:\Users\Ramkumar\AppData\Roaming\npm-cache\redis-commands\1.3.0\package.tgz
486 verbose tar unpacking to F:\Practice\Caratlane-Project\node_modules\redis\node_modules\redis-commands
487 silly gentlyRm F:\Practice\Caratlane-Project\node_modules\redis\node_modules\redis-commands is being purged
488 verbose gentlyRm don't care about contents; nuking F:\Practice\Caratlane-Project\node_modules\redis\node_modules\redis-commands
489 silly gunzTarPerm modes [ '777', '666' ]
490 silly gunzTarPerm extractEntry package.json
491 silly gunzTarPerm extractEntry .npmignore
492 silly gunzTarPerm extractEntry README.md
493 silly gunzTarPerm extractEntry LICENSE
494 silly gunzTarPerm extractEntry Gruntfile.js
495 silly gunzTarPerm extractEntry js/deque.js
496 silly gunzTarPerm extractEntry package.json
497 silly gunzTarPerm modified mode [ 'package.json', 436, 438 ]
498 silly gunzTarPerm extractEntry .npmignore
499 silly gunzTarPerm modified mode [ '.npmignore', 436, 438 ]
500 silly gunzTarPerm extractEntry README.md
501 silly gunzTarPerm modified mode [ 'README.md', 436, 438 ]
502 silly gunzTarPerm extractEntry package.json
503 silly gunzTarPerm modified mode [ 'package.json', 420, 438 ]
504 silly gunzTarPerm extractEntry .npmignore
505 silly gunzTarPerm modified mode [ '.npmignore', 436, 438 ]
506 silly gunzTarPerm extractEntry README.md
507 silly gunzTarPerm modified mode [ 'README.md', 420, 438 ]
508 silly gunzTarPerm extractEntry LICENSE
509 silly gunzTarPerm modified mode [ 'LICENSE', 436, 438 ]
510 silly gunzTarPerm extractEntry index.js
511 silly gunzTarPerm modified mode [ 'index.js', 436, 438 ]
512 silly gunzTarPerm extractEntry LICENSE
513 silly gunzTarPerm modified mode [ 'LICENSE', 436, 438 ]
514 silly gunzTarPerm extractEntry index.js
515 silly gunzTarPerm modified mode [ 'index.js', 436, 438 ]
516 silly gunzTarPerm extractEntry commands.json
517 silly gunzTarPerm modified mode [ 'commands.json', 436, 438 ]
518 silly gunzTarPerm extractEntry .travis.yml
519 silly gunzTarPerm modified mode [ '.travis.yml', 436, 438 ]
520 silly gunzTarPerm extractEntry test/index.js
521 silly gunzTarPerm modified mode [ 'test/index.js', 436, 438 ]
522 silly gunzTarPerm extractEntry changelog.md
523 silly gunzTarPerm modified mode [ 'changelog.md', 436, 438 ]
524 silly gunzTarPerm extractEntry tools/build.js
525 silly gunzTarPerm modified mode [ 'tools/build.js', 436, 438 ]
526 silly gunzTarPerm extractEntry changelog.md
527 silly gunzTarPerm modified mode [ 'changelog.md', 420, 438 ]
528 silly gunzTarPerm extractEntry .codeclimate.yml
529 silly gunzTarPerm modified mode [ '.codeclimate.yml', 436, 438 ]
530 silly gunzTarPerm extractEntry isolate-0x28e7b50-v8.log
531 silly gunzTarPerm modified mode [ 'isolate-0x28e7b50-v8.log', 420, 438 ]
532 silly gunzTarPerm extractEntry isolate-0x3615b50-v8.log
533 silly gunzTarPerm modified mode [ 'isolate-0x3615b50-v8.log', 420, 438 ]
534 silly gunzTarPerm extractEntry lib/hiredis.js
535 silly gunzTarPerm modified mode [ 'lib/hiredis.js', 436, 438 ]
536 silly gunzTarPerm extractEntry lib/parser.js
537 silly gunzTarPerm modified mode [ 'lib/parser.js', 420, 438 ]
538 silly gunzTarPerm extractEntry lib/replyError.js
539 silly gunzTarPerm modified mode [ 'lib/replyError.js', 420, 438 ]
540 http 200 https://registry.npmjs.org/nan
541 verbose headers { server: 'nginx/1.10.1',
541 verbose headers   'content-type': 'application/json',
541 verbose headers   'last-modified': 'Wed, 21 Dec 2016 18:49:51 GMT',
541 verbose headers   etag: 'W/"585acecf-1d7db"',
541 verbose headers   'content-encoding': 'gzip',
541 verbose headers   'cache-control': 'max-age=300',
541 verbose headers   'content-length': '14296',
541 verbose headers   'accept-ranges': 'bytes',
541 verbose headers   date: 'Tue, 17 Jan 2017 03:10:23 GMT',
541 verbose headers   via: '1.1 varnish',
541 verbose headers   age: '0',
541 verbose headers   connection: 'keep-alive',
541 verbose headers   'x-served-by': 'cache-cdg8733-CDG',
541 verbose headers   'x-cache': 'HIT',
541 verbose headers   'x-cache-hits': '1',
541 verbose headers   'x-timer': 'S1484622623.737652,VS0,VE75',
541 verbose headers   vary: 'Accept-Encoding' }
542 silly get cb [ 200,
542 silly get   { server: 'nginx/1.10.1',
542 silly get     'content-type': 'application/json',
542 silly get     'last-modified': 'Wed, 21 Dec 2016 18:49:51 GMT',
542 silly get     etag: 'W/"585acecf-1d7db"',
542 silly get     'content-encoding': 'gzip',
542 silly get     'cache-control': 'max-age=300',
542 silly get     'content-length': '14296',
542 silly get     'accept-ranges': 'bytes',
542 silly get     date: 'Tue, 17 Jan 2017 03:10:23 GMT',
542 silly get     via: '1.1 varnish',
542 silly get     age: '0',
542 silly get     connection: 'keep-alive',
542 silly get     'x-served-by': 'cache-cdg8733-CDG',
542 silly get     'x-cache': 'HIT',
542 silly get     'x-cache-hits': '1',
542 silly get     'x-timer': 'S1484622623.737652,VS0,VE75',
542 silly get     vary: 'Accept-Encoding' } ]
543 verbose get saving nan to C:\Users\Ramkumar\AppData\Roaming\npm-cache\registry.npmjs.org\nan\.cache.json
544 verbose correctMkdir C:\Users\Ramkumar\AppData\Roaming\npm-cache correctMkdir not in flight; initializing
545 verbose write writing to F:\Practice\Caratlane-Project\node_modules\redis\node_modules\double-ended-queue\package.json
546 info preinstall double-ended-queue@2.1.0-0
547 verbose readDependencies loading dependencies from F:\Practice\Caratlane-Project\node_modules\redis\node_modules\double-ended-queue\package.json
548 silly addNameRange number 2 { name: 'nan', range: '>=2.3.4 <3.0.0', hasData: true }
549 silly addNameRange versions [ 'nan',
549 silly addNameRange   [ '0.3.0-wip',
549 silly addNameRange     '0.3.0-wip2',
549 silly addNameRange     '0.3.0',
549 silly addNameRange     '0.3.1',
549 silly addNameRange     '0.3.2',
549 silly addNameRange     '0.4.0',
549 silly addNameRange     '0.4.1',
549 silly addNameRange     '0.4.2',
549 silly addNameRange     '0.4.3',
549 silly addNameRange     '0.4.4',
549 silly addNameRange     '0.5.0',
549 silly addNameRange     '0.5.1',
549 silly addNameRange     '0.5.2',
549 silly addNameRange     '0.6.0',
549 silly addNameRange     '0.7.0',
549 silly addNameRange     '0.7.1',
549 silly addNameRange     '0.8.0',
549 silly addNameRange     '1.0.0',
549 silly addNameRange     '1.1.0',
549 silly addNameRange     '1.1.1',
549 silly addNameRange     '1.1.2',
549 silly addNameRange     '1.2.0',
549 silly addNameRange     '1.3.0',
549 silly addNameRange     '1.4.0',
549 silly addNameRange     '1.4.1',
549 silly addNameRange     '1.5.0',
549 silly addNameRange     '1.4.2',
549 silly addNameRange     '1.4.3',
549 silly addNameRange     '1.5.1',
549 silly addNameRange     '1.5.2',
549 silly addNameRange     '1.6.0',
549 silly addNameRange     '1.5.3',
549 silly addNameRange     '1.6.1',
549 silly addNameRange     '1.6.2',
549 silly addNameRange     '1.7.0',
549 silly addNameRange     '1.8.0',
549 silly addNameRange     '1.8.1',
549 silly addNameRange     '1.8.2',
549 silly addNameRange     '1.8.3',
549 silly addNameRange     '1.8.4',
549 silly addNameRange     '1.9.0',
549 silly addNameRange     '2.0.0',
549 silly addNameRange     '2.0.1',
549 silly addNameRange     '2.0.2',
549 silly addNameRange     '2.0.3',
549 silly addNameRange     '2.0.4',
549 silly addNameRange     '2.0.5',
549 silly addNameRange     '2.0.6',
549 silly addNameRange     '2.0.7',
549 silly addNameRange     '2.0.8',
549 silly addNameRange     '2.0.9',
549 silly addNameRange     '2.1.0',
549 silly addNameRange     '2.2.0',
549 silly addNameRange     '2.2.1',
549 silly addNameRange     '2.3.0',
549 silly addNameRange     '2.3.1',
549 silly addNameRange     '2.3.2',
549 silly addNameRange     '2.3.3',
549 silly addNameRange     '2.3.4',
549 silly addNameRange     '2.3.5',
549 silly addNameRange     '2.4.0',
549 silly addNameRange     '2.5.0' ] ]
550 silly addNamed nan@2.5.0
551 verbose addNamed "2.5.0" is a plain semver version for nan
552 verbose readDependencies loading dependencies from F:\Practice\Caratlane-Project\node_modules\redis\node_modules\double-ended-queue\package.json
553 silly install resolved []
554 verbose about to build F:\Practice\Caratlane-Project\node_modules\redis\node_modules\double-ended-queue
555 info build F:\Practice\Caratlane-Project\node_modules\redis\node_modules\double-ended-queue
556 info linkStuff double-ended-queue@2.1.0-0
557 silly linkStuff double-ended-queue@2.1.0-0 has F:\Practice\Caratlane-Project\node_modules\redis\node_modules as its parent node_modules
558 verbose linkBins double-ended-queue@2.1.0-0
559 verbose linkMans double-ended-queue@2.1.0-0
560 verbose rebuildBundles double-ended-queue@2.1.0-0
561 info install double-ended-queue@2.1.0-0
562 silly mapToRegistry name nan
563 silly mapToRegistry using default registry
564 silly mapToRegistry registry https://registry.npmjs.org/
565 silly mapToRegistry data Result {
565 silly mapToRegistry   raw: 'nan',
565 silly mapToRegistry   scope: null,
565 silly mapToRegistry   name: 'nan',
565 silly mapToRegistry   rawSpec: '',
565 silly mapToRegistry   spec: 'latest',
565 silly mapToRegistry   type: 'tag' }
566 silly mapToRegistry uri https://registry.npmjs.org/nan
567 verbose addRemoteTarball https://registry.npmjs.org/nan/-/nan-2.5.0.tgz not in flight; adding
568 verbose addRemoteTarball [ 'https://registry.npmjs.org/nan/-/nan-2.5.0.tgz',
568 verbose addRemoteTarball   'aa8f1e34531d807e9e27755b234b4a6ec0c152a8' ]
569 info postinstall double-ended-queue@2.1.0-0
570 info retry fetch attempt 1 at 8:40:24 AM
571 info attempt registry request try #1 at 8:40:24 AM
572 http fetch GET https://registry.npmjs.org/nan/-/nan-2.5.0.tgz
573 verbose unlock done using C:\Users\Ramkumar\AppData\Roaming\npm-cache\_locks\double-ended-queue-d11d6bfbe3c88ca0.lock for F:\Practice\Caratlane-Project\node_modules\redis\node_modules\double-ended-queue
574 verbose write writing to F:\Practice\Caratlane-Project\node_modules\redis\node_modules\redis-commands\package.json
575 info preinstall redis-commands@1.3.0
576 verbose readDependencies loading dependencies from F:\Practice\Caratlane-Project\node_modules\redis\node_modules\redis-commands\package.json
577 verbose readDependencies loading dependencies from F:\Practice\Caratlane-Project\node_modules\redis\node_modules\redis-commands\package.json
578 verbose write writing to F:\Practice\Caratlane-Project\node_modules\redis\node_modules\redis-parser\package.json
579 silly install resolved []
580 verbose about to build F:\Practice\Caratlane-Project\node_modules\redis\node_modules\redis-commands
581 info build F:\Practice\Caratlane-Project\node_modules\redis\node_modules\redis-commands
582 info preinstall redis-parser@2.3.0
583 info linkStuff redis-commands@1.3.0
584 silly linkStuff redis-commands@1.3.0 has F:\Practice\Caratlane-Project\node_modules\redis\node_modules as its parent node_modules
585 verbose readDependencies loading dependencies from F:\Practice\Caratlane-Project\node_modules\redis\node_modules\redis-parser\package.json
586 verbose linkBins redis-commands@1.3.0
587 verbose linkMans redis-commands@1.3.0
588 verbose rebuildBundles redis-commands@1.3.0
589 info install redis-commands@1.3.0
590 info postinstall redis-commands@1.3.0
591 verbose readDependencies loading dependencies from F:\Practice\Caratlane-Project\node_modules\redis\node_modules\redis-parser\package.json
592 verbose unlock done using C:\Users\Ramkumar\AppData\Roaming\npm-cache\_locks\redis-commands-2aee30932d42a5eb.lock for F:\Practice\Caratlane-Project\node_modules\redis\node_modules\redis-commands
593 silly install resolved []
594 verbose about to build F:\Practice\Caratlane-Project\node_modules\redis\node_modules\redis-parser
595 info build F:\Practice\Caratlane-Project\node_modules\redis\node_modules\redis-parser
596 info linkStuff redis-parser@2.3.0
597 silly linkStuff redis-parser@2.3.0 has F:\Practice\Caratlane-Project\node_modules\redis\node_modules as its parent node_modules
598 verbose linkBins redis-parser@2.3.0
599 verbose linkMans redis-parser@2.3.0
600 verbose rebuildBundles redis-parser@2.3.0
601 info install redis-parser@2.3.0
602 info postinstall redis-parser@2.3.0
603 verbose unlock done using C:\Users\Ramkumar\AppData\Roaming\npm-cache\_locks\redis-parser-086d30d13bd4661d.lock for F:\Practice\Caratlane-Project\node_modules\redis\node_modules\redis-parser
604 verbose about to build F:\Practice\Caratlane-Project\node_modules\redis
605 info build F:\Practice\Caratlane-Project\node_modules\redis
606 info linkStuff redis@2.6.5
607 silly linkStuff redis@2.6.5 has F:\Practice\Caratlane-Project\node_modules as its parent node_modules
608 verbose linkBins redis@2.6.5
609 verbose linkMans redis@2.6.5
610 verbose rebuildBundles redis@2.6.5
611 verbose rebuildBundles [ 'double-ended-queue', 'redis-commands', 'redis-parser' ]
612 info install redis@2.6.5
613 info postinstall redis@2.6.5
614 verbose unlock done using C:\Users\Ramkumar\AppData\Roaming\npm-cache\_locks\redis-13df43fd3cd39b69.lock for F:\Practice\Caratlane-Project\node_modules\redis
615 http fetch 200 https://registry.npmjs.org/nan/-/nan-2.5.0.tgz
616 silly fetchAndShaCheck shasum aa8f1e34531d807e9e27755b234b4a6ec0c152a8
617 verbose addTmpTarball C:\Users\Ramkumar\AppData\Local\Temp\npm-14316-ebea296c\registry.npmjs.org\nan\-\nan-2.5.0.tgz not in flight; adding
618 verbose addTmpTarball already have metadata; skipping unpack for nan@2.5.0
619 verbose correctMkdir C:\Users\Ramkumar\AppData\Roaming\npm-cache correctMkdir not in flight; initializing
620 silly cache afterAdd nan@2.5.0
621 verbose afterAdd C:\Users\Ramkumar\AppData\Roaming\npm-cache\nan\2.5.0\package\package.json not in flight; writing
622 verbose correctMkdir C:\Users\Ramkumar\AppData\Roaming\npm-cache correctMkdir not in flight; initializing
623 verbose afterAdd C:\Users\Ramkumar\AppData\Roaming\npm-cache\nan\2.5.0\package\package.json written
624 silly install resolved [ { name: 'bindings',
624 silly install resolved     description: 'Helper module for loading your native module\'s .node file',
624 silly install resolved     keywords: [ 'native', 'addon', 'bindings', 'gyp', 'waf', 'c', 'c++' ],
624 silly install resolved     version: '1.2.1',
624 silly install resolved     author:
624 silly install resolved      { name: 'Nathan Rajlich',
624 silly install resolved        email: 'nathan@tootallnate.net',
624 silly install resolved        url: 'http://tootallnate.net' },
624 silly install resolved     repository:
624 silly install resolved      { type: 'git',
624 silly install resolved        url: 'git://github.com/TooTallNate/node-bindings.git' },
624 silly install resolved     main: './bindings.js',
624 silly install resolved     bugs: { url: 'https://github.com/TooTallNate/node-bindings/issues' },
624 silly install resolved     homepage: 'https://github.com/TooTallNate/node-bindings',
624 silly install resolved     license: 'MIT',
624 silly install resolved     gitHead: 'e404152ee27f8478ccbc7122ee051246e8e5ec02',
624 silly install resolved     _id: 'bindings@1.2.1',
624 silly install resolved     scripts: {},
624 silly install resolved     _shasum: '14ad6113812d2d37d72e67b4cacb4bb726505f11',
624 silly install resolved     _from: 'bindings@>=1.2.1 <2.0.0',
624 silly install resolved     _npmVersion: '1.4.14',
624 silly install resolved     _npmUser: { name: 'tootallnate', email: 'nathan@tootallnate.net' },
624 silly install resolved     maintainers: [ [Object], [Object] ],
624 silly install resolved     dist:
624 silly install resolved      { shasum: '14ad6113812d2d37d72e67b4cacb4bb726505f11',
624 silly install resolved        tarball: 'https://registry.npmjs.org/bindings/-/bindings-1.2.1.tgz' },
624 silly install resolved     directories: {},
624 silly install resolved     _resolved: 'https://registry.npmjs.org/bindings/-/bindings-1.2.1.tgz' },
624 silly install resolved   { name: 'nan',
624 silly install resolved     version: '2.5.0',
624 silly install resolved     description: 'Native Abstractions for Node.js: C++ header for Node 0.8 -> 7 compatibility',
624 silly install resolved     main: 'include_dirs.js',
624 silly install resolved     repository: { type: 'git', url: 'git://github.com/nodejs/nan.git' },
624 silly install resolved     scripts:
624 silly install resolved      { test: 'tap --gc --stderr test/js/*-test.js',
624 silly install resolved        'rebuild-tests': 'node-gyp rebuild --msvs_version=2013 --directory test',
624 silly install resolved        docs: 'doc/.build.sh' },
624 silly install resolved     contributors:
624 silly install resolved      [ [Object],
624 silly install resolved        [Object],
624 silly install resolved        [Object],
624 silly install resolved        [Object],
624 silly install resolved        [Object],
624 silly install resolved        [Object],
624 silly install resolved        [Object] ],
624 silly install resolved     devDependencies:
624 silly install resolved      { bindings: '~1.2.1',
624 silly install resolved        commander: '^2.8.1',
624 silly install resolved        glob: '^5.0.14',
624 silly install resolved        'node-gyp': '~3.0.1',
624 silly install resolved        'readable-stream': '^2.1.4',
624 silly install resolved        tap: '~0.7.1',
624 silly install resolved        xtend: '~4.0.0' },
624 silly install resolved     license: 'MIT',
624 silly install resolved     bugs: { url: 'https://github.com/nodejs/nan/issues' },
624 silly install resolved     homepage: 'https://github.com/nodejs/nan#readme',
624 silly install resolved     _id: 'nan@2.5.0',
624 silly install resolved     _shasum: 'aa8f1e34531d807e9e27755b234b4a6ec0c152a8',
624 silly install resolved     _resolved: 'https://registry.npmjs.org/nan/-/nan-2.5.0.tgz',
624 silly install resolved     _from: 'nan@>=2.3.4 <3.0.0',
624 silly install resolved     _npmVersion: '3.10.3',
624 silly install resolved     _nodeVersion: '6.3.1',
624 silly install resolved     _npmUser: { name: 'kkoopa', email: 'bbyholm@abo.fi' },
624 silly install resolved     dist:
624 silly install resolved      { shasum: 'aa8f1e34531d807e9e27755b234b4a6ec0c152a8',
624 silly install resolved        tarball: 'https://registry.npmjs.org/nan/-/nan-2.5.0.tgz' },
624 silly install resolved     maintainers: [ [Object], [Object] ],
624 silly install resolved     _npmOperationalInternal:
624 silly install resolved      { host: 'packages-12-west.internal.npmjs.com',
624 silly install resolved        tmp: 'tmp/nan-2.5.0.tgz_1482346189010_0.8120697599370033' },
624 silly install resolved     directories: {} } ]
625 info install bindings@1.2.1 into F:\Practice\Caratlane-Project\node_modules\hiredis
626 info install nan@2.5.0 into F:\Practice\Caratlane-Project\node_modules\hiredis
627 info installOne bindings@1.2.1
628 verbose installOne of bindings to F:\Practice\Caratlane-Project\node_modules\hiredis not in flight; installing
629 verbose correctMkdir C:\Users\Ramkumar\AppData\Roaming\npm-cache\_locks correctMkdir not in flight; initializing
630 info installOne nan@2.5.0
631 verbose installOne of nan to F:\Practice\Caratlane-Project\node_modules\hiredis not in flight; installing
632 verbose correctMkdir C:\Users\Ramkumar\AppData\Roaming\npm-cache\_locks correctMkdir not in flight; initializing
633 verbose lock using C:\Users\Ramkumar\AppData\Roaming\npm-cache\_locks\bindings-d2d1025cf24f2235.lock for F:\Practice\Caratlane-Project\node_modules\hiredis\node_modules\bindings
634 verbose lock using C:\Users\Ramkumar\AppData\Roaming\npm-cache\_locks\nan-7cfd11e3d00a65f2.lock for F:\Practice\Caratlane-Project\node_modules\hiredis\node_modules\nan
635 silly install write writing bindings 1.2.1 to F:\Practice\Caratlane-Project\node_modules\hiredis\node_modules\bindings
636 silly install write writing nan 2.5.0 to F:\Practice\Caratlane-Project\node_modules\hiredis\node_modules\nan
637 verbose unbuild node_modules\hiredis\node_modules\nan
638 verbose unbuild node_modules\hiredis\node_modules\bindings
639 silly gentlyRm F:\Practice\Caratlane-Project\node_modules\hiredis\node_modules\nan is being purged from base F:\Practice\Caratlane-Project
640 verbose gentlyRm don't care about contents; nuking F:\Practice\Caratlane-Project\node_modules\hiredis\node_modules\nan
641 verbose tar unpack C:\Users\Ramkumar\AppData\Roaming\npm-cache\nan\2.5.0\package.tgz
642 verbose tar unpacking to F:\Practice\Caratlane-Project\node_modules\hiredis\node_modules\nan
643 silly gentlyRm F:\Practice\Caratlane-Project\node_modules\hiredis\node_modules\nan is being purged
644 verbose gentlyRm don't care about contents; nuking F:\Practice\Caratlane-Project\node_modules\hiredis\node_modules\nan
645 silly gunzTarPerm modes [ '777', '666' ]
646 silly gentlyRm F:\Practice\Caratlane-Project\node_modules\hiredis\node_modules\bindings is being purged from base F:\Practice\Caratlane-Project
647 verbose gentlyRm don't care about contents; nuking F:\Practice\Caratlane-Project\node_modules\hiredis\node_modules\bindings
648 verbose tar unpack C:\Users\Ramkumar\AppData\Roaming\npm-cache\bindings\1.2.1\package.tgz
649 verbose tar unpacking to F:\Practice\Caratlane-Project\node_modules\hiredis\node_modules\bindings
650 silly gentlyRm F:\Practice\Caratlane-Project\node_modules\hiredis\node_modules\bindings is being purged
651 verbose gentlyRm don't care about contents; nuking F:\Practice\Caratlane-Project\node_modules\hiredis\node_modules\bindings
652 silly gunzTarPerm modes [ '777', '666' ]
653 silly gunzTarPerm extractEntry package.json
654 silly gunzTarPerm modified mode [ 'package.json', 436, 438 ]
655 silly gunzTarPerm extractEntry package.json
656 silly gunzTarPerm modified mode [ 'package.json', 420, 438 ]
657 silly gunzTarPerm extractEntry README.md
658 silly gunzTarPerm modified mode [ 'README.md', 436, 438 ]
659 silly gunzTarPerm extractEntry include_dirs.js
660 silly gunzTarPerm modified mode [ 'include_dirs.js', 436, 438 ]
661 silly gunzTarPerm extractEntry README.md
662 silly gunzTarPerm modified mode [ 'README.md', 420, 438 ]
663 silly gunzTarPerm extractEntry bindings.js
664 silly gunzTarPerm modified mode [ 'bindings.js', 420, 438 ]
665 silly gunzTarPerm extractEntry nan_converters.h
666 silly gunzTarPerm modified mode [ 'nan_converters.h', 436, 438 ]
667 silly gunzTarPerm extractEntry CHANGELOG.md
668 silly gunzTarPerm modified mode [ 'CHANGELOG.md', 436, 438 ]
669 silly gunzTarPerm extractEntry LICENSE.md
670 silly gunzTarPerm modified mode [ 'LICENSE.md', 436, 438 ]
671 silly gunzTarPerm extractEntry doc/node_misc.md
672 silly gunzTarPerm modified mode [ 'doc/node_misc.md', 436, 438 ]
673 silly gunzTarPerm extractEntry doc/asyncworker.md
674 silly gunzTarPerm modified mode [ 'doc/asyncworker.md', 436, 438 ]
675 silly gunzTarPerm extractEntry doc/callback.md
676 silly gunzTarPerm modified mode [ 'doc/callback.md', 436, 438 ]
677 silly gunzTarPerm extractEntry doc/converters.md
678 silly gunzTarPerm modified mode [ 'doc/converters.md', 436, 438 ]
679 silly gunzTarPerm extractEntry doc/errors.md
680 silly gunzTarPerm modified mode [ 'doc/errors.md', 436, 438 ]
681 verbose write writing to F:\Practice\Caratlane-Project\node_modules\hiredis\node_modules\bindings\package.json
682 silly gunzTarPerm extractEntry doc/maybe_types.md
683 silly gunzTarPerm modified mode [ 'doc/maybe_types.md', 436, 438 ]
684 silly gunzTarPerm extractEntry doc/methods.md
685 silly gunzTarPerm modified mode [ 'doc/methods.md', 436, 438 ]
686 silly gunzTarPerm extractEntry doc/new.md
687 silly gunzTarPerm modified mode [ 'doc/new.md', 436, 438 ]
688 info preinstall bindings@1.2.1
689 verbose readDependencies loading dependencies from F:\Practice\Caratlane-Project\node_modules\hiredis\node_modules\bindings\package.json
690 silly gunzTarPerm extractEntry doc/buffers.md
691 silly gunzTarPerm modified mode [ 'doc/buffers.md', 436, 438 ]
692 silly gunzTarPerm extractEntry doc/object_wrappers.md
693 silly gunzTarPerm modified mode [ 'doc/object_wrappers.md', 436, 438 ]
694 silly gunzTarPerm extractEntry doc/persistent.md
695 silly gunzTarPerm modified mode [ 'doc/persistent.md', 436, 438 ]
696 silly gunzTarPerm extractEntry doc/scopes.md
697 silly gunzTarPerm modified mode [ 'doc/scopes.md', 436, 438 ]
698 verbose readDependencies loading dependencies from F:\Practice\Caratlane-Project\node_modules\hiredis\node_modules\bindings\package.json
699 silly gunzTarPerm extractEntry doc/script.md
700 silly gunzTarPerm modified mode [ 'doc/script.md', 436, 438 ]
701 silly gunzTarPerm extractEntry doc/string_bytes.md
702 silly gunzTarPerm modified mode [ 'doc/string_bytes.md', 436, 438 ]
703 silly install resolved []
704 verbose about to build F:\Practice\Caratlane-Project\node_modules\hiredis\node_modules\bindings
705 info build F:\Practice\Caratlane-Project\node_modules\hiredis\node_modules\bindings
706 info linkStuff bindings@1.2.1
707 silly linkStuff bindings@1.2.1 has F:\Practice\Caratlane-Project\node_modules\hiredis\node_modules as its parent node_modules
708 silly gunzTarPerm extractEntry doc/v8_internals.md
709 silly gunzTarPerm modified mode [ 'doc/v8_internals.md', 436, 438 ]
710 silly gunzTarPerm extractEntry doc/v8_misc.md
711 silly gunzTarPerm modified mode [ 'doc/v8_misc.md', 436, 438 ]
712 verbose linkBins bindings@1.2.1
713 verbose linkMans bindings@1.2.1
714 verbose rebuildBundles bindings@1.2.1
715 info install bindings@1.2.1
716 silly gunzTarPerm extractEntry nan.h
717 silly gunzTarPerm modified mode [ 'nan.h', 436, 438 ]
718 silly gunzTarPerm extractEntry nan_callbacks.h
719 silly gunzTarPerm modified mode [ 'nan_callbacks.h', 436, 438 ]
720 info postinstall bindings@1.2.1
721 verbose unlock done using C:\Users\Ramkumar\AppData\Roaming\npm-cache\_locks\bindings-d2d1025cf24f2235.lock for F:\Practice\Caratlane-Project\node_modules\hiredis\node_modules\bindings
722 silly gunzTarPerm extractEntry nan_callbacks_12_inl.h
723 silly gunzTarPerm modified mode [ 'nan_callbacks_12_inl.h', 436, 438 ]
724 silly gunzTarPerm extractEntry nan_callbacks_pre_12_inl.h
725 silly gunzTarPerm modified mode [ 'nan_callbacks_pre_12_inl.h', 436, 438 ]
726 silly gunzTarPerm extractEntry nan_converters_43_inl.h
727 silly gunzTarPerm modified mode [ 'nan_converters_43_inl.h', 436, 438 ]
728 silly gunzTarPerm extractEntry nan_converters_pre_43_inl.h
729 silly gunzTarPerm modified mode [ 'nan_converters_pre_43_inl.h', 436, 438 ]
730 silly gunzTarPerm extractEntry nan_implementation_12_inl.h
731 silly gunzTarPerm modified mode [ 'nan_implementation_12_inl.h', 436, 438 ]
732 silly gunzTarPerm extractEntry nan_implementation_pre_12_inl.h
733 silly gunzTarPerm modified mode [ 'nan_implementation_pre_12_inl.h', 436, 438 ]
734 silly gunzTarPerm extractEntry nan_maybe_43_inl.h
735 silly gunzTarPerm modified mode [ 'nan_maybe_43_inl.h', 436, 438 ]
736 silly gunzTarPerm extractEntry nan_maybe_pre_43_inl.h
737 silly gunzTarPerm modified mode [ 'nan_maybe_pre_43_inl.h', 436, 438 ]
738 silly gunzTarPerm extractEntry nan_new.h
739 silly gunzTarPerm modified mode [ 'nan_new.h', 436, 438 ]
740 silly gunzTarPerm extractEntry nan_object_wrap.h
741 silly gunzTarPerm modified mode [ 'nan_object_wrap.h', 436, 438 ]
742 silly gunzTarPerm extractEntry nan_persistent_12_inl.h
743 silly gunzTarPerm modified mode [ 'nan_persistent_12_inl.h', 436, 438 ]
744 silly gunzTarPerm extractEntry nan_persistent_pre_12_inl.h
745 silly gunzTarPerm modified mode [ 'nan_persistent_pre_12_inl.h', 436, 438 ]
746 silly gunzTarPerm extractEntry nan_private.h
747 silly gunzTarPerm modified mode [ 'nan_private.h', 436, 438 ]
748 silly gunzTarPerm extractEntry nan_string_bytes.h
749 silly gunzTarPerm modified mode [ 'nan_string_bytes.h', 436, 438 ]
750 silly gunzTarPerm extractEntry nan_typedarray_contents.h
751 silly gunzTarPerm modified mode [ 'nan_typedarray_contents.h', 436, 438 ]
752 silly gunzTarPerm extractEntry nan_weak.h
753 silly gunzTarPerm modified mode [ 'nan_weak.h', 436, 438 ]
754 silly gunzTarPerm extractEntry tools/package.json
755 silly gunzTarPerm modified mode [ 'tools/package.json', 436, 438 ]
756 silly gunzTarPerm extractEntry tools/README.md
757 silly gunzTarPerm modified mode [ 'tools/README.md', 436, 438 ]
758 silly gunzTarPerm extractEntry tools/1to2.js
759 silly gunzTarPerm modified mode [ 'tools/1to2.js', 509, 511 ]
760 verbose write writing to F:\Practice\Caratlane-Project\node_modules\hiredis\node_modules\nan\package.json
761 info preinstall nan@2.5.0
762 verbose readDependencies loading dependencies from F:\Practice\Caratlane-Project\node_modules\hiredis\node_modules\nan\package.json
763 verbose readDependencies loading dependencies from F:\Practice\Caratlane-Project\node_modules\hiredis\node_modules\nan\package.json
764 silly install resolved []
765 verbose about to build F:\Practice\Caratlane-Project\node_modules\hiredis\node_modules\nan
766 info build F:\Practice\Caratlane-Project\node_modules\hiredis\node_modules\nan
767 info linkStuff nan@2.5.0
768 silly linkStuff nan@2.5.0 has F:\Practice\Caratlane-Project\node_modules\hiredis\node_modules as its parent node_modules
769 verbose linkBins nan@2.5.0
770 verbose linkMans nan@2.5.0
771 verbose rebuildBundles nan@2.5.0
772 info install nan@2.5.0
773 info postinstall nan@2.5.0
774 verbose unlock done using C:\Users\Ramkumar\AppData\Roaming\npm-cache\_locks\nan-7cfd11e3d00a65f2.lock for F:\Practice\Caratlane-Project\node_modules\hiredis\node_modules\nan
775 verbose about to build F:\Practice\Caratlane-Project\node_modules\hiredis
776 info build F:\Practice\Caratlane-Project\node_modules\hiredis
777 info linkStuff hiredis@0.5.0
778 silly linkStuff hiredis@0.5.0 has F:\Practice\Caratlane-Project\node_modules as its parent node_modules
779 verbose linkBins hiredis@0.5.0
780 verbose linkMans hiredis@0.5.0
781 verbose rebuildBundles hiredis@0.5.0
782 verbose rebuildBundles [ 'bindings', 'nan' ]
783 info install hiredis@0.5.0
784 verbose unsafe-perm in lifecycle true
785 info hiredis@0.5.0 Failed to exec install script
786 verbose unlock done using C:\Users\Ramkumar\AppData\Roaming\npm-cache\_locks\hiredis-6c81c67e7c642768.lock for F:\Practice\Caratlane-Project\node_modules\hiredis
787 verbose stack Error: hiredis@0.5.0 install: `node-gyp rebuild`
787 verbose stack Exit status 1
787 verbose stack     at EventEmitter.<anonymous> (F:\ProgramFiles\nodejs\node_modules\npm\lib\utils\lifecycle.js:217:16)
787 verbose stack     at emitTwo (events.js:87:13)
787 verbose stack     at EventEmitter.emit (events.js:172:7)
787 verbose stack     at ChildProcess.<anonymous> (F:\ProgramFiles\nodejs\node_modules\npm\lib\utils\spawn.js:24:14)
787 verbose stack     at emitTwo (events.js:87:13)
787 verbose stack     at ChildProcess.emit (events.js:172:7)
787 verbose stack     at maybeClose (internal/child_process.js:827:16)
787 verbose stack     at Process.ChildProcess._handle.onexit (internal/child_process.js:211:5)
788 verbose pkgid hiredis@0.5.0
789 verbose cwd F:\Practice\Caratlane-Project
790 error Windows_NT 10.0.10586
791 error argv "F:\\ProgramFiles\\nodejs\\node.exe" "F:\\ProgramFiles\\nodejs\\node_modules\\npm\\bin\\npm-cli.js" "install" "hiredis" "redis" "--save"
792 error node v4.4.6
793 error npm  v2.15.5
794 error code ELIFECYCLE
795 error hiredis@0.5.0 install: `node-gyp rebuild`
795 error Exit status 1
796 error Failed at the hiredis@0.5.0 install script 'node-gyp rebuild'.
796 error This is most likely a problem with the hiredis package,
796 error not with npm itself.
796 error Tell the author that this fails on your system:
796 error     node-gyp rebuild
796 error You can get information on how to open an issue for this project with:
796 error     npm bugs hiredis
796 error Or if that isn't available, you can get their info via:
796 error
796 error     npm owner ls hiredis
796 error There is likely additional logging output above.
797 verbose exit [ 1, true ]
798 verbose unbuild node_modules\hiredis
799 info preuninstall hiredis@0.5.0
800 info uninstall hiredis@0.5.0
801 verbose unbuild rmStuff hiredis@0.5.0 from F:\Practice\Caratlane-Project\node_modules
802 info postuninstall hiredis@0.5.0
803 silly gentlyRm F:\Practice\Caratlane-Project\node_modules\hiredis is being purged from base F:\Practice\Caratlane-Project
804 verbose gentlyRm don't care about contents; nuking F:\Practice\Caratlane-Project\node_modules\hiredis
805 silly vacuum-fs purging F:\Practice\Caratlane-Project\node_modules\hiredis
806 silly vacuum-fs quitting because other entries in F:\Practice\Caratlane-Project\node_modules
